d:\gitproject\dx11_liesofp\binary_dx11\engine\default\x64\debug\vc143.pdb
d:\gitproject\dx11_liesofp\binary_dx11\engine\default\x64\debug\vc143.idb
d:\gitproject\dx11_liesofp\binary_dx11\engine\default\x64\debug\unity_fix0mi6jt3naihqm.obj
d:\gitproject\dx11_binary\binary_dx11\engine\bin\engine.lib
d:\gitproject\dx11_binary\binary_dx11\engine\bin\engine.exp
d:\dx11_binary\binary_dx11\engine\bin\engine.lib
d:\dx11_binary\binary_dx11\engine\bin\engine.exp
d:\gitproject\dx11_liesofp\binary_dx11\engine\bin\engine.lib
d:\gitproject\dx11_liesofp\binary_dx11\engine\bin\engine.exp
d:\gitproject\dx11_liesofp\binary_dx11\engine\default\x64\debug\engine.ilk
d:\gitproject\dx11_liesofp\binary_dx11\engine\bin\engine.dll
d:\gitproject\dx11_liesofp\binary_dx11\engine\bin\engine.pdb
c:\users\olivi\github\dx11_liesofp\binary_dx11\engine\default\x64\debug\unity_fix0mi6jt3naihqm.obj
c:\users\olivi\github\dx11_liesofp\binary_dx11\engine\default\x64\debug\engine.ilk
c:\users\olivi\github\dx11_liesofp\binary_dx11\engine\default\x64\debug\vc143.idb
c:\users\olivi\github\dx11_liesofp\binary_dx11\engine\default\x64\debug\vc143.pdb
c:\users\olivi\github\dx11_liesofp\binary_dx11\engine\bin\engine.dll
c:\users\olivi\github\dx11_liesofp\binary_dx11\engine\default\x64\debug\engine.tlog\cl.command.1.tlog
c:\users\olivi\github\dx11_liesofp\binary_dx11\engine\default\x64\debug\engine.tlog\cl.items.tlog
c:\users\olivi\github\dx11_liesofp\binary_dx11\engine\default\x64\debug\engine.tlog\cl.read.1.tlog
c:\users\olivi\github\dx11_liesofp\binary_dx11\engine\default\x64\debug\engine.tlog\cl.write.1.tlog
c:\users\olivi\github\dx11_liesofp\binary_dx11\engine\default\x64\debug\engine.tlog\link.command.1.tlog
c:\users\olivi\github\dx11_liesofp\binary_dx11\engine\default\x64\debug\engine.tlog\link.read.1.tlog
c:\users\olivi\github\dx11_liesofp\binary_dx11\engine\default\x64\debug\engine.tlog\link.write.1.tlog
c:\users\olivi\github\dx11_liesofp\binary_dx11\engine\default\x64\debug\engine.tlog\link.write.2u.tlog
