FXC : warning X4717: Effects deprecated for D3DCompiler_47
  
  compilation object save succeeded; see D:\GitHubProjects\Dx11_LiesOfP\Framework_DX11\Engine\Bin\Shader_Effect_Texture.cso
FXC : warning X4717: Effects deprecated for D3DCompiler_47
D:\GitHubProjects\Dx11_LiesOfP\Framework_DX11\Engine\Bin\ShaderFiles\Shader_Bloom.hlsl(155,30-91): warning X3570: gradient instruction used in a loop with varying iteration, attempting to unroll the loop
D:\GitHubProjects\Dx11_LiesOfP\Framework_DX11\Engine\Bin\ShaderFiles\Shader_Bloom.hlsl(182,30-91): warning X3570: gradient instruction used in a loop with varying iteration, attempting to unroll the loop
  
  compilation object save succeeded; see D:\GitHubProjects\Dx11_LiesOfP\Framework_DX11\Engine\Bin\Shader_Bloom.cso
FXC : warning X4717: Effects deprecated for D3DCompiler_47
  
  compilation object save succeeded; see D:\GitHubProjects\Dx11_LiesOfP\Framework_DX11\Engine\Bin\Shader_Cell.cso
FXC : warning X4717: Effects deprecated for D3DCompiler_47
  
  compilation object save succeeded; see D:\GitHubProjects\Dx11_LiesOfP\Framework_DX11\Engine\Bin\Shader_Compute_Back.cso
FXC : warning X4717: Effects deprecated for D3DCompiler_47
  
  compilation object save succeeded; see D:\GitHubProjects\Dx11_LiesOfP\Framework_DX11\Engine\Bin\Shader_Compute_Bloom.cso
FXC : warning X4717: Effects deprecated for D3DCompiler_47
  
  compilation object save succeeded; see D:\GitHubProjects\Dx11_LiesOfP\Framework_DX11\Engine\Bin\Shader_Compute_Blur.cso
FXC : warning X4717: Effects deprecated for D3DCompiler_47
D:\GitHubProjects\Dx11_LiesOfP\Framework_DX11\Engine\Bin\ShaderFiles\Shader_Deferred.hlsl(180,5-82): warning X3206: implicit truncation of vector type
D:\GitHubProjects\Dx11_LiesOfP\Framework_DX11\Engine\Bin\ShaderFiles\Shader_Deferred.hlsl(201,27-49): warning X3571: pow(f, e) will not work for negative f, use abs(f) or conditionally handle negative values if you expect them
D:\GitHubProjects\Dx11_LiesOfP\Framework_DX11\Engine\Bin\ShaderFiles\Shader_Deferred.hlsl(235,23-44): warning X3571: pow(f, e) will not work for negative f, use abs(f) or conditionally handle negative values if you expect them
D:\GitHubProjects\Dx11_LiesOfP\Framework_DX11\Engine\Bin\ShaderFiles\Shader_Deferred.hlsl(76,34-159): warning X3582: texture access must have literal offset and multisample index, forcing loop to unroll
D:\GitHubProjects\Dx11_LiesOfP\Framework_DX11\Engine\Bin\ShaderFiles\Shader_Deferred.hlsl(306,22-44): warning X3571: pow(f, e) will not work for negative f, use abs(f) or conditionally handle negative values if you expect them
D:\GitHubProjects\Dx11_LiesOfP\Framework_DX11\Engine\Bin\ShaderFiles\Shader_Deferred.hlsl(339,23-44): warning X3571: pow(f, e) will not work for negative f, use abs(f) or conditionally handle negative values if you expect them
D:\GitHubProjects\Dx11_LiesOfP\Framework_DX11\Engine\Bin\ShaderFiles\Shader_Deferred.hlsl(76,34-159): warning X3582: texture access must have literal offset and multisample index, forcing loop to unroll
D:\GitHubProjects\Dx11_LiesOfP\Framework_DX11\Engine\Bin\ShaderFiles\Shader_Deferred.hlsl(393,22-44): warning X3571: pow(f, e) will not work for negative f, use abs(f) or conditionally handle negative values if you expect them
D:\GitHubProjects\Dx11_LiesOfP\Framework_DX11\Engine\Bin\ShaderFiles\Shader_Deferred.hlsl(426,23-44): warning X3571: pow(f, e) will not work for negative f, use abs(f) or conditionally handle negative values if you expect them
  
  compilation object save succeeded; see D:\GitHubProjects\Dx11_LiesOfP\Framework_DX11\Engine\Bin\Shader_Deferred.cso
FXC : warning X4717: Effects deprecated for D3DCompiler_47
  
  compilation object save succeeded; see D:\GitHubProjects\Dx11_LiesOfP\Framework_DX11\Engine\Bin\Shader_Distortion.cso
FXC : warning X4717: Effects deprecated for D3DCompiler_47
  
  compilation object save succeeded; see D:\GitHubProjects\Dx11_LiesOfP\Framework_DX11\Engine\Bin\Shader_Compute_HDR.cso
FXC : warning X4717: Effects deprecated for D3DCompiler_47
  
  compilation object save succeeded; see D:\GitHubProjects\Dx11_LiesOfP\Framework_DX11\Engine\Bin\Shader_Model_Instance.cso
FXC : warning X4717: Effects deprecated for D3DCompiler_47
  
  compilation object save succeeded; see D:\GitHubProjects\Dx11_LiesOfP\Framework_DX11\Engine\Bin\Shader_PostProcess.cso
FXC : warning X4717: Effects deprecated for D3DCompiler_47
D:\GitHubProjects\Dx11_LiesOfP\Framework_DX11\Engine\Bin\ShaderFiles\Shader_SSAO.hlsl(116,16-42): warning X3206: implicit truncation of vector type
D:\GitHubProjects\Dx11_LiesOfP\Framework_DX11\Engine\Bin\ShaderFiles\Shader_SSAO.hlsl(187,12-68): warning X3206: implicit truncation of vector type
D:\GitHubProjects\Dx11_LiesOfP\Framework_DX11\Engine\Bin\ShaderFiles\Shader_SSAO.hlsl(188,12-68): warning X3206: implicit truncation of vector type
D:\GitHubProjects\Dx11_LiesOfP\Framework_DX11\Engine\Bin\ShaderFiles\Shader_SSAO.hlsl(112,33-78): warning X3570: gradient instruction used in a loop with varying iteration, attempting to unroll the loop
D:\GitHubProjects\Dx11_LiesOfP\Framework_DX11\Engine\Bin\ShaderFiles\Shader_SSAO.hlsl(148,24-79): warning X3570: gradient instruction used in a loop with varying iteration, attempting to unroll the loop
  compilation object save succeeded; see D:\GitHubProjects\Dx11_LiesOfP\Framework_DX11\Engine\Bin\Shader_SSAO.cso
D:\GitHubProjects\Dx11_LiesOfP\Framework_DX11\Engine\Bin\ShaderFiles\Shader_SSAO.hlsl(172,24-79): warning X3570: gradient instruction used in a loop with varying iteration, attempting to unroll the loop
  
C:\Program Files\Microsoft Visual Studio\2022\Community\MSBuild\Microsoft\VC\v170\Microsoft.Cpp.Unity.targets(192,5): warning : 'C:\Users\olivi\Github\Dx11_LiesOfP\Framework_DX11\Engine\Default\x64\Release\unity_XMP562DFX0QXQZ3W.cpp' 경로의 일부를 찾을 수 없습니다.
  unity_FSDHXOW6DQXMT4TP.cpp
D:\GitHubProjects\Dx11_LiesOfP\Framework_DX11\Engine\private\CustomFont.cpp(53,7): warning C4834: [[nodiscard]] 특성이 포함된 함수의 반환 값을 버리는 중입니다.
D:\GitHubProjects\Dx11_LiesOfP\Framework_DX11\Engine\private\CustomFont.cpp(54,7): warning C4834: [[nodiscard]] 특성이 포함된 함수의 반환 값을 버리는 중입니다.
D:\GitHubProjects\Dx11_LiesOfP\Framework_DX11\Engine\private\CustomFont.cpp(73,7): warning C4834: [[nodiscard]] 특성이 포함된 함수의 반환 값을 버리는 중입니다.
D:\GitHubProjects\Dx11_LiesOfP\Framework_DX11\Engine\private\CustomFont.cpp(74,7): warning C4834: [[nodiscard]] 특성이 포함된 함수의 반환 값을 버리는 중입니다.
D:\GitHubProjects\Dx11_LiesOfP\Framework_DX11\Engine\private\CustomFont.cpp(95,7): warning C4834: [[nodiscard]] 특성이 포함된 함수의 반환 값을 버리는 중입니다.
D:\GitHubProjects\Dx11_LiesOfP\Framework_DX11\Engine\private\CustomFont.cpp(96,7): warning C4834: [[nodiscard]] 특성이 포함된 함수의 반환 값을 버리는 중입니다.
D:\GitHubProjects\Dx11_LiesOfP\Framework_DX11\Engine\private\Model.cpp(1177,29): warning C4927: 변환이 잘못되었습니다. 사용자 정의 변환이 암시적으로 두 번 이상 적용되었습니다.
C:\Program Files\Microsoft Visual Studio\2022\Community\VC\Tools\MSVC\14.40.33807\include\filesystem(12): warning STL4038: The contents of <filesystem> are available only with C++17 or later.
D:\GitHubProjects\Dx11_LiesOfP\Framework_DX11\Engine\Private\VIBuffer_2DPolygon.cpp(65,21): warning C4018: '<': signed 또는 unsigned가 일치하지 않습니다.
     ..\Bin\Engine.lib 라이브러리 및 ..\Bin\Engine.exp 개체를 생성하고 있습니다.
  코드를 생성하고 있습니다.
  Previous IPDB was built with incompatible compiler, fall back to full compilation.
D:\GitHubProjects\Dx11_LiesOfP\Framework_DX11\Engine\Public\PipeLine.h(30): warning C4172: 지역 변수 또는 임시의 주소를 반환하고 있습니다.
  All 5493 functions were compiled because no usable IPDB/IOBJ from previous compilation was found.
  코드를 생성했습니다.
Effects11.lib(EffectAPI.obj) : warning LNK4099: '' PDB를 'Effects11.lib(EffectAPI.obj)' 또는 ''에서 찾을 수 없습니다. 디버그 정보가 없는 것처럼 개체를 링크합니다.
Effects11.lib(EffectNonRuntime.obj) : warning LNK4099: '' PDB를 'Effects11.lib(EffectNonRuntime.obj)' 또는 ''에서 찾을 수 없습니다. 디버그 정보가 없는 것처럼 개체를 링크합니다.
Effects11.lib(EffectLoad.obj) : warning LNK4099: '' PDB를 'Effects11.lib(EffectLoad.obj)' 또는 ''에서 찾을 수 없습니다. 디버그 정보가 없는 것처럼 개체를 링크합니다.
Effects11.lib(d3dxGlobal.obj) : warning LNK4099: '' PDB를 'Effects11.lib(d3dxGlobal.obj)' 또는 ''에서 찾을 수 없습니다. 디버그 정보가 없는 것처럼 개체를 링크합니다.
Effects11.lib(EffectReflection.obj) : warning LNK4099: '' PDB를 'Effects11.lib(EffectReflection.obj)' 또는 ''에서 찾을 수 없습니다. 디버그 정보가 없는 것처럼 개체를 링크합니다.
Effects11.lib(EffectRuntime.obj) : warning LNK4099: '' PDB를 'Effects11.lib(EffectRuntime.obj)' 또는 ''에서 찾을 수 없습니다. 디버그 정보가 없는 것처럼 개체를 링크합니다.
DirectXTK.lib(SpriteBatch.obj) : warning LNK4099: '' PDB를 'DirectXTK.lib(SpriteBatch.obj)' 또는 ''에서 찾을 수 없습니다. 디버그 정보가 없는 것처럼 개체를 링크합니다.
DirectXTK.lib(WICTextureLoader.obj) : warning LNK4099: '' PDB를 'DirectXTK.lib(WICTextureLoader.obj)' 또는 ''에서 찾을 수 없습니다. 디버그 정보가 없는 것처럼 개체를 링크합니다.
DirectXTK.lib(PrimitiveBatch.obj) : warning LNK4099: '' PDB를 'DirectXTK.lib(PrimitiveBatch.obj)' 또는 ''에서 찾을 수 없습니다. 디버그 정보가 없는 것처럼 개체를 링크합니다.
DirectXTK.lib(VertexTypes.obj) : warning LNK4099: '' PDB를 'DirectXTK.lib(VertexTypes.obj)' 또는 ''에서 찾을 수 없습니다. 디버그 정보가 없는 것처럼 개체를 링크합니다.
DirectXTK.lib(SpriteFont.obj) : warning LNK4099: '' PDB를 'DirectXTK.lib(SpriteFont.obj)' 또는 ''에서 찾을 수 없습니다. 디버그 정보가 없는 것처럼 개체를 링크합니다.
DirectXTK.lib(BasicEffect.obj) : warning LNK4099: '' PDB를 'DirectXTK.lib(BasicEffect.obj)' 또는 ''에서 찾을 수 없습니다. 디버그 정보가 없는 것처럼 개체를 링크합니다.
DirectXTK.lib(DDSTextureLoader.obj) : warning LNK4099: '' PDB를 'DirectXTK.lib(DDSTextureLoader.obj)' 또는 ''에서 찾을 수 없습니다. 디버그 정보가 없는 것처럼 개체를 링크합니다.
DirectXTK.lib(CommonStates.obj) : warning LNK4099: '' PDB를 'DirectXTK.lib(CommonStates.obj)' 또는 ''에서 찾을 수 없습니다. 디버그 정보가 없는 것처럼 개체를 링크합니다.
DirectXTK.lib(pch.obj) : warning LNK4099: '' PDB를 'DirectXTK.lib(pch.obj)' 또는 ''에서 찾을 수 없습니다. 디버그 정보가 없는 것처럼 개체를 링크합니다.
DirectXTK.lib(BinaryReader.obj) : warning LNK4099: '' PDB를 'DirectXTK.lib(BinaryReader.obj)' 또는 ''에서 찾을 수 없습니다. 디버그 정보가 없는 것처럼 개체를 링크합니다.
DirectXTK.lib(EffectCommon.obj) : warning LNK4099: '' PDB를 'DirectXTK.lib(EffectCommon.obj)' 또는 ''에서 찾을 수 없습니다. 디버그 정보가 없는 것처럼 개체를 링크합니다.
PhysXExtensions_static_64.lib(ExtExtensions.obj) : warning LNK4099: '' PDB를 'PhysXExtensions_static_64.lib(ExtExtensions.obj)' 또는 ''에서 찾을 수 없습니다. 디버그 정보가 없는 것처럼 개체를 링크합니다.
PhysXExtensions_static_64.lib(ExtDefaultCpuDispatcher.obj) : warning LNK4099: '' PDB를 'PhysXExtensions_static_64.lib(ExtDefaultCpuDispatcher.obj)' 또는 ''에서 찾을 수 없습니다. 디버그 정보가 없는 것처럼 개체를 링크합니다.
PhysXExtensions_static_64.lib(ExtDefaultErrorCallback.obj) : warning LNK4099: '' PDB를 'PhysXExtensions_static_64.lib(ExtDefaultErrorCallback.obj)' 또는 ''에서 찾을 수 없습니다. 디버그 정보가 없는 것처럼 개체를 링크합니다.
PhysXExtensions_static_64.lib(ExtDefaultStreams.obj) : warning LNK4099: '' PDB를 'PhysXExtensions_static_64.lib(ExtDefaultStreams.obj)' 또는 ''에서 찾을 수 없습니다. 디버그 정보가 없는 것처럼 개체를 링크합니다.
PhysXExtensions_static_64.lib(ExtDefaultSimulationFilterShader.obj) : warning LNK4099: '' PDB를 'PhysXExtensions_static_64.lib(ExtDefaultSimulationFilterShader.obj)' 또는 ''에서 찾을 수 없습니다. 디버그 정보가 없는 것처럼 개체를 링크합니다.
PhysXExtensions_static_64.lib(ExtDistanceJoint.obj) : warning LNK4099: '' PDB를 'PhysXExtensions_static_64.lib(ExtDistanceJoint.obj)' 또는 ''에서 찾을 수 없습니다. 디버그 정보가 없는 것처럼 개체를 링크합니다.
PhysXExtensions_static_64.lib(ExtD6Joint.obj) : warning LNK4099: '' PDB를 'PhysXExtensions_static_64.lib(ExtD6Joint.obj)' 또는 ''에서 찾을 수 없습니다. 디버그 정보가 없는 것처럼 개체를 링크합니다.
PhysXExtensions_static_64.lib(ExtFixedJoint.obj) : warning LNK4099: '' PDB를 'PhysXExtensions_static_64.lib(ExtFixedJoint.obj)' 또는 ''에서 찾을 수 없습니다. 디버그 정보가 없는 것처럼 개체를 링크합니다.
PhysXExtensions_static_64.lib(ExtPrismaticJoint.obj) : warning LNK4099: '' PDB를 'PhysXExtensions_static_64.lib(ExtPrismaticJoint.obj)' 또는 ''에서 찾을 수 없습니다. 디버그 정보가 없는 것처럼 개체를 링크합니다.
PhysXExtensions_static_64.lib(ExtRevoluteJoint.obj) : warning LNK4099: '' PDB를 'PhysXExtensions_static_64.lib(ExtRevoluteJoint.obj)' 또는 ''에서 찾을 수 없습니다. 디버그 정보가 없는 것처럼 개체를 링크합니다.
PhysXExtensions_static_64.lib(ExtSphericalJoint.obj) : warning LNK4099: '' PDB를 'PhysXExtensions_static_64.lib(ExtSphericalJoint.obj)' 또는 ''에서 찾을 수 없습니다. 디버그 정보가 없는 것처럼 개체를 링크합니다.
PhysXExtensions_static_64.lib(ExtGearJoint.obj) : warning LNK4099: '' PDB를 'PhysXExtensions_static_64.lib(ExtGearJoint.obj)' 또는 ''에서 찾을 수 없습니다. 디버그 정보가 없는 것처럼 개체를 링크합니다.
PhysXExtensions_static_64.lib(ExtRackAndPinionJoint.obj) : warning LNK4099: '' PDB를 'PhysXExtensions_static_64.lib(ExtRackAndPinionJoint.obj)' 또는 ''에서 찾을 수 없습니다. 디버그 정보가 없는 것처럼 개체를 링크합니다.
PhysXExtensions_static_64.lib(SnRepXCoreSerializer.obj) : warning LNK4099: '' PDB를 'PhysXExtensions_static_64.lib(SnRepXCoreSerializer.obj)' 또는 ''에서 찾을 수 없습니다. 디버그 정보가 없는 것처럼 개체를 링크합니다.
PhysXExtensions_static_64.lib(SnJointRepXSerializer.obj) : warning LNK4099: '' PDB를 'PhysXExtensions_static_64.lib(SnJointRepXSerializer.obj)' 또는 ''에서 찾을 수 없습니다. 디버그 정보가 없는 것처럼 개체를 링크합니다.
PhysXExtensions_static_64.lib(PxExtensionAutoGeneratedMetaDataObjects.obj) : warning LNK4099: '' PDB를 'PhysXExtensions_static_64.lib(PxExtensionAutoGeneratedMetaDataObjects.obj)' 또는 ''에서 찾을 수 없습니다. 디버그 정보가 없는 것처럼 개체를 링크합니다.
PhysXExtensions_static_64.lib(ExtCpuWorkerThread.obj) : warning LNK4099: '' PDB를 'PhysXExtensions_static_64.lib(ExtCpuWorkerThread.obj)' 또는 ''에서 찾을 수 없습니다. 디버그 정보가 없는 것처럼 개체를 링크합니다.
PhysXExtensions_static_64.lib(ExtJoint.obj) : warning LNK4099: '' PDB를 'PhysXExtensions_static_64.lib(ExtJoint.obj)' 또는 ''에서 찾을 수 없습니다. 디버그 정보가 없는 것처럼 개체를 링크합니다.
PhysXExtensions_static_64.lib(ExtContactJoint.obj) : warning LNK4099: '' PDB를 'PhysXExtensions_static_64.lib(ExtContactJoint.obj)' 또는 ''에서 찾을 수 없습니다. 디버그 정보가 없는 것처럼 개체를 링크합니다.
PhysXPvdSDK_static_64.lib(PxPvd.obj) : warning LNK4099: '' PDB를 'PhysXPvdSDK_static_64.lib(PxPvd.obj)' 또는 ''에서 찾을 수 없습니다. 디버그 정보가 없는 것처럼 개체를 링크합니다.
PhysXPvdSDK_static_64.lib(PxPvdDefaultSocketTransport.obj) : warning LNK4099: '' PDB를 'PhysXPvdSDK_static_64.lib(PxPvdDefaultSocketTransport.obj)' 또는 ''에서 찾을 수 없습니다. 디버그 정보가 없는 것처럼 개체를 링크합니다.
PhysXPvdSDK_static_64.lib(PxPvdImpl.obj) : warning LNK4099: '' PDB를 'PhysXPvdSDK_static_64.lib(PxPvdImpl.obj)' 또는 ''에서 찾을 수 없습니다. 디버그 정보가 없는 것처럼 개체를 링크합니다.
PhysXPvdSDK_static_64.lib(PxPvdDataStream.obj) : warning LNK4099: '' PDB를 'PhysXPvdSDK_static_64.lib(PxPvdDataStream.obj)' 또는 ''에서 찾을 수 없습니다. 디버그 정보가 없는 것처럼 개체를 링크합니다.
PhysXPvdSDK_static_64.lib(PxPvdObjectModelMetaData.obj) : warning LNK4099: '' PDB를 'PhysXPvdSDK_static_64.lib(PxPvdObjectModelMetaData.obj)' 또는 ''에서 찾을 수 없습니다. 디버그 정보가 없는 것처럼 개체를 링크합니다.
PhysXPvdSDK_static_64.lib(PxPvdObjectRegistrar.obj) : warning LNK4099: '' PDB를 'PhysXPvdSDK_static_64.lib(PxPvdObjectRegistrar.obj)' 또는 ''에서 찾을 수 없습니다. 디버그 정보가 없는 것처럼 개체를 링크합니다.
PhysXPvdSDK_static_64.lib(PxPvdMemClient.obj) : warning LNK4099: '' PDB를 'PhysXPvdSDK_static_64.lib(PxPvdMemClient.obj)' 또는 ''에서 찾을 수 없습니다. 디버그 정보가 없는 것처럼 개체를 링크합니다.
PhysXPvdSDK_static_64.lib(PxProfileEventImpl.obj) : warning LNK4099: '' PDB를 'PhysXPvdSDK_static_64.lib(PxProfileEventImpl.obj)' 또는 ''에서 찾을 수 없습니다. 디버그 정보가 없는 것처럼 개체를 링크합니다.
PhysXPvdSDK_static_64.lib(PxPvdProfileZoneClient.obj) : warning LNK4099: '' PDB를 'PhysXPvdSDK_static_64.lib(PxPvdProfileZoneClient.obj)' 또는 ''에서 찾을 수 없습니다. 디버그 정보가 없는 것처럼 개체를 링크합니다.
  Engine.vcxproj -> D:\GitHubProjects\Dx11_LiesOfP\Framework_DX11\Engine\Bin\Engine.dll
  ..\Bin\Engine.lib
  1개 파일이 복사되었습니다.
  ..\ThirdPartyLib\assimp-vc140-mt.lib
  ..\ThirdPartyLib\assimp-vc140-mtd.lib
  ..\ThirdPartyLib\DirectXTK.lib
  ..\ThirdPartyLib\DirectXTKd.lib
  ..\ThirdPartyLib\Effects11.lib
  ..\ThirdPartyLib\Effects11d.lib
  6개 파일이 복사되었습니다.
  ..\Bin\Engine.dll
  1개 파일이 복사되었습니다.
  ..\Bin\ShaderFiles\Shader_Bloom.hlsl
  ..\Bin\ShaderFiles\Shader_Cell.hlsl
  ..\Bin\ShaderFiles\Shader_Compute_Back.hlsl
  ..\Bin\ShaderFiles\Shader_Compute_Bloom.hlsl
  ..\Bin\ShaderFiles\Shader_Compute_Blur.hlsl
  ..\Bin\ShaderFiles\Shader_Compute_HDR.hlsl
  ..\Bin\ShaderFiles\Shader_Deferred.hlsl
  ..\Bin\ShaderFiles\Shader_Distortion.hlsl
  ..\Bin\ShaderFiles\Shader_Engine_Defines.hlsli
  ..\Bin\ShaderFiles\Shader_Function.hlsli
  ..\Bin\ShaderFiles\Shader_Model_Instance.hlsl
  ..\Bin\ShaderFiles\Shader_PostProcess.hlsl
  ..\Bin\ShaderFiles\Shader_SSAO.hlsl
  13개 파일이 복사되었습니다.
  ..\Public\Animation.h
  ..\Public\Base.h
  ..\Public\Bone.h
  ..\Public\Bounding.h
  ..\Public\Bounding_AABB.h
  ..\Public\Bounding_OBB.h
  ..\Public\Bounding_Sphere.h
  ..\Public\Camera.h
  ..\Public\Cell.h
  ..\Public\Channel.h
  ..\Public\Collider.h
  ..\Public\Collider_Manager.h
  ..\Public\Component.h
  ..\Public\Component_Manager.h
  ..\Public\CSVFile_Manager.h
  ..\Public\CustomFont.h
  ..\Public\DebugDraw.h
  ..\Public\EasyDrawSphere.h
  ..\Public\Engine_Defines.h
  ..\Public\Engine_Enum.h
  ..\Public\Engine_Function.h
  ..\Public\Engine_Macro.h
  ..\Public\Engine_Struct.h
  ..\Public\Engine_Typedef.h
  ..\Public\Font_Manager.h
  ..\Public\Frustum.h
  ..\Public\Fsm.h
  ..\Public\GameInstance.h
  ..\Public\GameObject.h
  ..\Public\Graphic_Device.h
  ..\Public\HeightComputer.h
  ..\Public\Input_Device.h
  ..\Public\Instance_Manager.h
  ..\Public\Key_Manager.h
  ..\Public\Layer.h
  ..\Public\Level.h
  ..\Public\Level_Manager.h
  ..\Public\Light.h
  ..\Public\Light_Manager.h
  ..\Public\Mesh.h
  ..\Public\Model.h
  ..\Public\Navigation.h
  ..\Public\Object_Manager.h
  ..\Public\Occludee.h
  ..\Public\Octree.h
  ..\Public\PhysX_Manager.h
  ..\Public\Picking.h
  ..\Public\PipeLine.h
  ..\Public\QuadTree.h
  ..\Public\Renderer.h
  ..\Public\RenderTarget.h
  ..\Public\RigidBody.h
  ..\Public\Shader.h
  ..\Public\Shader_Compute.h
  ..\Public\Shader_NonVTX.h
  ..\Public\Sound.h
  ..\Public\Sound_Manager.h
  ..\Public\State.h
  ..\Public\Target_Manager.h
  ..\Public\Texture.h
  ..\Public\Timer.h
  ..\Public\Timer_Manager.h
  ..\Public\Trail_MultiPoint_Instance.h
  ..\Public\Trail_OnePoint_Instance.h
  ..\Public\Trail_TwoPoint_Instance.h
  ..\Public\Transform.h
  ..\Public\UIObject.h
  ..\Public\VIBuffer.h
  ..\Public\VIBuffer_2DPolygon.h
  ..\Public\VIBuffer_Batching.h
  ..\Public\VIBuffer_Cell.h
  ..\Public\VIBuffer_Cube.h
  ..\Public\VIBuffer_Instancing.h
  ..\Public\VIBuffer_PhysX.h
  ..\Public\VIBuffer_Point_Instance.h
  ..\Public\VIBuffer_Rect.h
  ..\Public\VIBuffer_Rect_Instance.h
  ..\Public\VIBuffer_Terrain.h
  ..\Public\WorldOctree.h
  ..\Public\WorldOctree_Manager.h
  ..\Public\assimp\.editorconfig
  ..\Public\assimp\aabb.h
  ..\Public\assimp\ai_assert.h
  ..\Public\assimp\anim.h
  ..\Public\assimp\BaseImporter.h
  ..\Public\assimp\Bitmap.h
  ..\Public\assimp\BlobIOSystem.h
  ..\Public\assimp\ByteSwapper.h
  ..\Public\assimp\camera.h
  ..\Public\assimp\cexport.h
  ..\Public\assimp\cfileio.h
  ..\Public\assimp\cimport.h
  ..\Public\assimp\color4.h
  ..\Public\assimp\color4.inl
  ..\Public\assimp\config.h
  ..\Public\assimp\config.h.in
  ..\Public\assimp\CreateAnimMesh.h
  ..\Public\assimp\DefaultIOStream.h
  ..\Public\assimp\DefaultIOSystem.h
  ..\Public\assimp\DefaultLogger.hpp
  ..\Public\assimp\Defines.h
  ..\Public\assimp\defs.h
  ..\Public\assimp\Exceptional.h
  ..\Public\assimp\Exporter.hpp
  ..\Public\assimp\fast_atof.h
  ..\Public\assimp\GenericProperty.h
  ..\Public\assimp\Hash.h
  ..\Public\assimp\Importer.hpp
  ..\Public\assimp\importerdesc.h
  ..\Public\assimp\IOStream.hpp
  ..\Public\assimp\IOStreamBuffer.h
  ..\Public\assimp\IOSystem.hpp
  ..\Public\assimp\irrXMLWrapper.h
  ..\Public\assimp\light.h
  ..\Public\assimp\LineSplitter.h
  ..\Public\assimp\LogAux.h
  ..\Public\assimp\Logger.hpp
  ..\Public\assimp\LogStream.hpp
  ..\Public\assimp\Macros.h
  ..\Public\assimp\material.h
  ..\Public\assimp\material.inl
  ..\Public\assimp\MathFunctions.h
  ..\Public\assimp\matrix3x3.h
  ..\Public\assimp\matrix3x3.inl
  ..\Public\assimp\matrix4x4.h
  ..\Public\assimp\matrix4x4.inl
  ..\Public\assimp\MemoryIOWrapper.h
  ..\Public\assimp\mesh.h
  ..\Public\assimp\metadata.h
  ..\Public\assimp\NullLogger.hpp
  ..\Public\assimp\ParsingUtils.h
  ..\Public\assimp\pbrmaterial.h
  ..\Public\assimp\postprocess.h
  ..\Public\assimp\Profiler.h
  ..\Public\assimp\ProgressHandler.hpp
  ..\Public\assimp\qnan.h
  ..\Public\assimp\quaternion.h
  ..\Public\assimp\quaternion.inl
  ..\Public\assimp\RemoveComments.h
  ..\Public\assimp\scene.h
  ..\Public\assimp\SceneCombiner.h
  ..\Public\assimp\SGSpatialSort.h
  ..\Public\assimp\SkeletonMeshBuilder.h
  ..\Public\assimp\SmoothingGroups.h
  ..\Public\assimp\SmoothingGroups.inl
  ..\Public\assimp\SpatialSort.h
  ..\Public\assimp\StandardShapes.h
  ..\Public\assimp\StreamReader.h
  ..\Public\assimp\StreamWriter.h
  ..\Public\assimp\StringComparison.h
  ..\Public\assimp\StringUtils.h
  ..\Public\assimp\Subdivision.h
  ..\Public\assimp\texture.h
  ..\Public\assimp\TinyFormatter.h
  ..\Public\assimp\types.h
  ..\Public\assimp\vector2.h
  ..\Public\assimp\vector2.inl
  ..\Public\assimp\vector3.h
  ..\Public\assimp\vector3.inl
  ..\Public\assimp\version.h
  ..\Public\assimp\Vertex.h
  ..\Public\assimp\XMLTools.h
  ..\Public\assimp\ZipArchiveIOSystem.h
  ..\Public\assimp\Compiler\poppack1.h
  ..\Public\assimp\Compiler\pstdint.h
  ..\Public\assimp\Compiler\pushpack1.h
  ..\Public\assimp\port\AndroidJNI\AndroidJNIIOSystem.h
  ..\Public\DirectXTK\Audio.h
  ..\Public\DirectXTK\CommonStates.h
  ..\Public\DirectXTK\DDSTextureLoader.h
  ..\Public\DirectXTK\DirectXHelpers.h
  ..\Public\DirectXTK\Effects.h
  ..\Public\DirectXTK\GamePad.h
  ..\Public\DirectXTK\GeometricPrimitive.h
  ..\Public\DirectXTK\GraphicsMemory.h
  ..\Public\DirectXTK\Keyboard.h
  ..\Public\DirectXTK\Model.h
  ..\Public\DirectXTK\Mouse.h
  ..\Public\DirectXTK\PostProcess.h
  ..\Public\DirectXTK\PrimitiveBatch.h
  ..\Public\DirectXTK\ScreenGrab.h
  ..\Public\DirectXTK\SimpleMath.h
  ..\Public\DirectXTK\SimpleMath.inl
  ..\Public\DirectXTK\SpriteBatch.h
  ..\Public\DirectXTK\SpriteFont.h
  ..\Public\DirectXTK\VertexTypes.h
  ..\Public\DirectXTK\WICTextureLoader.h
  ..\Public\DirectXTK\XboxDDSTextureLoader.h
  ..\Public\Effects11\d3dx11effect.h
  ..\Public\Effects11\d3dxGlobal.h
  ..\Public\Fmod\fmod.h
  ..\Public\Fmod\fmod.hpp
  ..\Public\Fmod\fmod_codec.h
  ..\Public\Fmod\fmod_common.h
  ..\Public\Fmod\fmod_dsp.cs
  ..\Public\Fmod\fmod_dsp.h
  ..\Public\Fmod\fmod_dsp_effects.h
  ..\Public\Fmod\fmod_errors.cs
  ..\Public\Fmod\fmod_errors.h
  ..\Public\Fmod\fmod_output.h
  ..\Public\PhysX\PxActor.h
  ..\Public\PhysX\PxActorData.h
  ..\Public\PhysX\PxAggregate.h
  ..\Public\PhysX\PxAnisotropy.h
  ..\Public\PhysX\PxArrayConverter.h
  ..\Public\PhysX\PxArticulationFlag.h
  ..\Public\PhysX\PxArticulationJointReducedCoordinate.h
  ..\Public\PhysX\PxArticulationLink.h
  ..\Public\PhysX\PxArticulationMimicJoint.h
  ..\Public\PhysX\PxArticulationReducedCoordinate.h
  ..\Public\PhysX\PxArticulationTendon.h
  ..\Public\PhysX\PxArticulationTendonData.h
  ..\Public\PhysX\PxAttachment.h
  ..\Public\PhysX\PxBaseMaterial.h
  ..\Public\PhysX\PxBroadPhase.h
  ..\Public\PhysX\PxClient.h
  ..\Public\PhysX\PxConeLimitedConstraint.h
  ..\Public\PhysX\PxConfig.h
  ..\Public\PhysX\PxConstraint.h
  ..\Public\PhysX\PxConstraintDesc.h
  ..\Public\PhysX\PxContact.h
  ..\Public\PhysX\PxContactModifyCallback.h
  ..\Public\PhysX\PxDeletionListener.h
  ..\Public\PhysX\PxDirectGPUAPI.h
  ..\Public\PhysX\PxFEMClothFlags.h
  ..\Public\PhysX\PxFEMClothMaterial.h
  ..\Public\PhysX\PxFEMMaterial.h
  ..\Public\PhysX\PxFEMParameter.h
  ..\Public\PhysX\PxFEMSoftBodyMaterial.h
  ..\Public\PhysX\PxFiltering.h
  ..\Public\PhysX\PxForceMode.h
  ..\Public\PhysX\PxHairSystemFlag.h
  ..\Public\PhysX\PxImmediateMode.h
  ..\Public\PhysX\PxIsosurfaceExtraction.h
  ..\Public\PhysX\PxLineStripSkinning.h
  ..\Public\PhysX\PxLockedData.h
  ..\Public\PhysX\PxMaterial.h
  ..\Public\PhysX\PxNodeIndex.h
  ..\Public\PhysX\PxParticleBuffer.h
  ..\Public\PhysX\PxParticleGpu.h
  ..\Public\PhysX\PxParticleMaterial.h
  ..\Public\PhysX\PxParticleNeighborhoodProvider.h
  ..\Public\PhysX\PxParticleSolverType.h
  ..\Public\PhysX\PxParticleSystem.h
  ..\Public\PhysX\PxParticleSystemFlag.h
  ..\Public\PhysX\PxPBDMaterial.h
  ..\Public\PhysX\PxPBDParticleSystem.h
  ..\Public\PhysX\PxPhysics.h
  ..\Public\PhysX\PxPhysicsAPI.h
  ..\Public\PhysX\PxPhysicsSerialization.h
  ..\Public\PhysX\PxPhysXConfig.h
  ..\Public\PhysX\PxPruningStructure.h
  ..\Public\PhysX\PxQueryFiltering.h
  ..\Public\PhysX\PxQueryReport.h
  ..\Public\PhysX\PxResidual.h
  ..\Public\PhysX\PxRigidActor.h
  ..\Public\PhysX\PxRigidBody.h
  ..\Public\PhysX\PxRigidDynamic.h
  ..\Public\PhysX\PxRigidStatic.h
  ..\Public\PhysX\PxScene.h
  ..\Public\PhysX\PxSceneDesc.h
  ..\Public\PhysX\PxSceneLock.h
  ..\Public\PhysX\PxSceneQueryDesc.h
  ..\Public\PhysX\PxSceneQuerySystem.h
  ..\Public\PhysX\PxSDFBuilder.h
  ..\Public\PhysX\PxShape.h
  ..\Public\PhysX\PxSimulationEventCallback.h
  ..\Public\PhysX\PxSimulationStatistics.h
  ..\Public\PhysX\PxSmoothing.h
  ..\Public\PhysX\PxSoftBody.h
  ..\Public\PhysX\PxSoftBodyFlag.h
  ..\Public\PhysX\PxSparseGridParams.h
  ..\Public\PhysX\PxVisualizationParameter.h
  ..\Public\PhysX\characterkinematic\PxBoxController.h
  ..\Public\PhysX\characterkinematic\PxCapsuleController.h
  ..\Public\PhysX\characterkinematic\PxController.h
  ..\Public\PhysX\characterkinematic\PxControllerBehavior.h
  ..\Public\PhysX\characterkinematic\PxControllerManager.h
  ..\Public\PhysX\characterkinematic\PxControllerObstacles.h
  ..\Public\PhysX\characterkinematic\PxExtended.h
  ..\Public\PhysX\collision\PxCollisionDefs.h
  ..\Public\PhysX\common\PxBase.h
  ..\Public\PhysX\common\PxCollection.h
  ..\Public\PhysX\common\PxCoreUtilityTypes.h
  ..\Public\PhysX\common\PxInsertionCallback.h
  ..\Public\PhysX\common\PxMetaData.h
  ..\Public\PhysX\common\PxMetaDataFlags.h
  ..\Public\PhysX\common\PxPhysXCommonConfig.h
  ..\Public\PhysX\common\PxProfileZone.h
  ..\Public\PhysX\common\PxRenderBuffer.h
  ..\Public\PhysX\common\PxRenderOutput.h
  ..\Public\PhysX\common\PxSerialFramework.h
  ..\Public\PhysX\common\PxSerializer.h
  ..\Public\PhysX\common\PxStringTable.h
  ..\Public\PhysX\common\PxTolerancesScale.h
  ..\Public\PhysX\common\PxTypeInfo.h
  ..\Public\PhysX\common\windows\PxWindowsDelayLoadHook.h
  ..\Public\PhysX\cooking\PxBVH33MidphaseDesc.h
  ..\Public\PhysX\cooking\PxBVH34MidphaseDesc.h
  ..\Public\PhysX\cooking\PxBVHDesc.h
  ..\Public\PhysX\cooking\Pxc.h
  ..\Public\PhysX\cooking\PxConvexMeshDesc.h
  ..\Public\PhysX\cooking\PxCooking.h
  ..\Public\PhysX\cooking\PxCookingInternal.h
  ..\Public\PhysX\cooking\PxMidphaseDesc.h
  ..\Public\PhysX\cooking\PxSDFDesc.h
  ..\Public\PhysX\cooking\PxTetrahedronMeshDesc.h
  ..\Public\PhysX\cooking\PxTriangleMeshDesc.h
  ..\Public\PhysX\cudamanager\PxCudaContext.h
  ..\Public\PhysX\cudamanager\PxCudaContextManager.h
  ..\Public\PhysX\cudamanager\PxCudaTypes.h
  ..\Public\PhysX\extensions\PxBinaryConverter.h
  ..\Public\PhysX\extensions\PxBroadPhaseExt.h
  ..\Public\PhysX\extensions\PxCollectionExt.h
  ..\Public\PhysX\extensions\PxConstraintExt.h
  ..\Public\PhysX\extensions\PxContactJoint.h
  ..\Public\PhysX\extensions\PxConvexMeshExt.h
  ..\Public\PhysX\extensions\PxCudaHelpersExt.h
  ..\Public\PhysX\extensions\PxCustomGeometryExt.h
  ..\Public\PhysX\extensions\PxCustomSceneQuerySystem.h
  ..\Public\PhysX\extensions\PxD6Joint.h
  ..\Public\PhysX\extensions\PxD6JointCreate.h
  ..\Public\PhysX\extensions\PxDefaultAllocator.h
  ..\Public\PhysX\extensions\PxDefaultCpuDispatcher.h
  ..\Public\PhysX\extensions\PxDefaultErrorCallback.h
  ..\Public\PhysX\extensions\PxDefaultSimulationFilterShader.h
  ..\Public\PhysX\extensions\PxDefaultStreams.h
  ..\Public\PhysX\extensions\PxDistanceJoint.h
  ..\Public\PhysX\extensions\PxExtensionsAPI.h
  ..\Public\PhysX\extensions\PxFixedJoint.h
  ..\Public\PhysX\extensions\PxGearJoint.h
  ..\Public\PhysX\extensions\PxGjkQueryExt.h
  ..\Public\PhysX\extensions\PxJoint.h
  ..\Public\PhysX\extensions\PxJointLimit.h
  ..\Public\PhysX\extensions\PxMassProperties.h
  ..\Public\PhysX\extensions\PxParticleClothCooker.h
  ..\Public\PhysX\extensions\PxParticleExt.h
  ..\Public\PhysX\extensions\PxPrismaticJoint.h
  ..\Public\PhysX\extensions\PxRackAndPinionJoint.h
  ..\Public\PhysX\extensions\PxRaycastCCD.h
  ..\Public\PhysX\extensions\PxRemeshingExt.h
  ..\Public\PhysX\extensions\PxRepXSerializer.h
  ..\Public\PhysX\extensions\PxRepXSimpleType.h
  ..\Public\PhysX\extensions\PxRevoluteJoint.h
  ..\Public\PhysX\extensions\PxRigidActorExt.h
  ..\Public\PhysX\extensions\PxRigidBodyExt.h
  ..\Public\PhysX\extensions\PxSamplingExt.h
  ..\Public\PhysX\extensions\PxSceneQueryExt.h
  ..\Public\PhysX\extensions\PxSceneQuerySystemExt.h
  ..\Public\PhysX\extensions\PxSerialization.h
  ..\Public\PhysX\extensions\PxShapeExt.h
  ..\Public\PhysX\extensions\PxSimpleFactory.h
  ..\Public\PhysX\extensions\PxSmoothNormals.h
  ..\Public\PhysX\extensions\PxSoftBodyExt.h
  ..\Public\PhysX\extensions\PxSphericalJoint.h
  ..\Public\PhysX\extensions\PxStringTableExt.h
  ..\Public\PhysX\extensions\PxTetMakerExt.h
  ..\Public\PhysX\extensions\PxTetrahedronMeshAnalysisResult.h
  ..\Public\PhysX\extensions\PxTetrahedronMeshExt.h
  ..\Public\PhysX\extensions\PxTriangleMeshAnalysisResult.h
  ..\Public\PhysX\extensions\PxTriangleMeshExt.h
  ..\Public\PhysX\filebuf\PxFileBuf.h
  ..\Public\PhysX\foundation\Px.h
  ..\Public\PhysX\foundation\PxAlignedMalloc.h
  ..\Public\PhysX\foundation\PxAlloca.h
  ..\Public\PhysX\foundation\PxAllocator.h
  ..\Public\PhysX\foundation\PxAllocatorCallback.h
  ..\Public\PhysX\foundation\PxAoS.h
  ..\Public\PhysX\foundation\PxArray.h
  ..\Public\PhysX\foundation\PxAssert.h
  ..\Public\PhysX\foundation\PxAtomic.h
  ..\Public\PhysX\foundation\PxBasicTemplates.h
  ..\Public\PhysX\foundation\PxBitAndData.h
  ..\Public\PhysX\foundation\PxBitMap.h
  ..\Public\PhysX\foundation\PxBitUtils.h
  ..\Public\PhysX\foundation\PxBounds3.h
  ..\Public\PhysX\foundation\PxBroadcast.h
  ..\Public\PhysX\foundation\PxErrorCallback.h
  ..\Public\PhysX\foundation\PxErrors.h
  ..\Public\PhysX\foundation\PxFlags.h
  ..\Public\PhysX\foundation\PxFoundation.h
  ..\Public\PhysX\foundation\PxFoundationConfig.h
  ..\Public\PhysX\foundation\PxFPU.h
  ..\Public\PhysX\foundation\PxHash.h
  ..\Public\PhysX\foundation\PxHashInternals.h
  ..\Public\PhysX\foundation\PxHashMap.h
  ..\Public\PhysX\foundation\PxHashSet.h
  ..\Public\PhysX\foundation\PxInlineAllocator.h
  ..\Public\PhysX\foundation\PxInlineAoS.h
  ..\Public\PhysX\foundation\PxInlineArray.h
  ..\Public\PhysX\foundation\PxIntrinsics.h
  ..\Public\PhysX\foundation\PxIO.h
  ..\Public\PhysX\foundation\PxMat33.h
  ..\Public\PhysX\foundation\PxMat34.h
  ..\Public\PhysX\foundation\PxMat44.h
  ..\Public\PhysX\foundation\PxMath.h
  ..\Public\PhysX\foundation\PxMathIntrinsics.h
  ..\Public\PhysX\foundation\PxMathUtils.h
  ..\Public\PhysX\foundation\PxMemory.h
  ..\Public\PhysX\foundation\PxMutex.h
  ..\Public\PhysX\foundation\PxPhysicsVersion.h
  ..\Public\PhysX\foundation\PxPinnedArray.h
  ..\Public\PhysX\foundation\PxPlane.h
  ..\Public\PhysX\foundation\PxPool.h
  ..\Public\PhysX\foundation\PxPreprocessor.h
  ..\Public\PhysX\foundation\PxProfiler.h
  ..\Public\PhysX\foundation\PxQuat.h
  ..\Public\PhysX\foundation\PxSIMDHelpers.h
  ..\Public\PhysX\foundation\PxSimpleTypes.h
  ..\Public\PhysX\foundation\PxSList.h
  ..\Public\PhysX\foundation\PxSocket.h
  ..\Public\PhysX\foundation\PxSort.h
  ..\Public\PhysX\foundation\PxSortInternals.h
  ..\Public\PhysX\foundation\PxStrideIterator.h
  ..\Public\PhysX\foundation\PxString.h
  ..\Public\PhysX\foundation\PxSync.h
  ..\Public\PhysX\foundation\PxTempAllocator.h
  ..\Public\PhysX\foundation\PxThread.h
  ..\Public\PhysX\foundation\PxTime.h
  ..\Public\PhysX\foundation\PxTransform.h
  ..\Public\PhysX\foundation\PxUnionCast.h
  ..\Public\PhysX\foundation\PxUserAllocated.h
  ..\Public\PhysX\foundation\PxUtilities.h
  ..\Public\PhysX\foundation\PxVec2.h
  ..\Public\PhysX\foundation\PxVec3.h
  ..\Public\PhysX\foundation\PxVec4.h
  ..\Public\PhysX\foundation\PxVecMath.h
  ..\Public\PhysX\foundation\PxVecMathAoSScalar.h
  ..\Public\PhysX\foundation\PxVecMathAoSScalarInline.h
  ..\Public\PhysX\foundation\PxVecMathSSE.h
  ..\Public\PhysX\foundation\PxVecQuat.h
  ..\Public\PhysX\foundation\PxVecTransform.h
  ..\Public\PhysX\foundation\unix\PxUnixAoS.h
  ..\Public\PhysX\foundation\unix\PxUnixFPU.h
  ..\Public\PhysX\foundation\unix\PxUnixInlineAoS.h
  ..\Public\PhysX\foundation\unix\PxUnixIntrinsics.h
  ..\Public\PhysX\foundation\unix\PxUnixMathIntrinsics.h
  ..\Public\PhysX\foundation\unix\PxUnixTrigConstants.h
  ..\Public\PhysX\foundation\unix\neon\PxUnixNeonAoS.h
  ..\Public\PhysX\foundation\unix\neon\PxUnixNeonInlineAoS.h
  ..\Public\PhysX\foundation\unix\sse2\PxUnixSse2AoS.h
  ..\Public\PhysX\foundation\unix\sse2\PxUnixSse2InlineAoS.h
  ..\Public\PhysX\foundation\windows\PxWindowsAoS.h
  ..\Public\PhysX\foundation\windows\PxWindowsFPU.h
  ..\Public\PhysX\foundation\windows\PxWindowsInclude.h
  ..\Public\PhysX\foundation\windows\PxWindowsInlineAoS.h
  ..\Public\PhysX\foundation\windows\PxWindowsIntrinsics.h
  ..\Public\PhysX\foundation\windows\PxWindowsMathIntrinsics.h
  ..\Public\PhysX\foundation\windows\PxWindowsTrigConstants.h
  ..\Public\PhysX\geometry\PxBoxGeometry.h
  ..\Public\PhysX\geometry\PxBVH.h
  ..\Public\PhysX\geometry\PxBVHBuildStrategy.h
  ..\Public\PhysX\geometry\PxCapsuleGeometry.h
  ..\Public\PhysX\geometry\PxConvexMesh.h
  ..\Public\PhysX\geometry\PxConvexMeshGeometry.h
  ..\Public\PhysX\geometry\PxCustomGeometry.h
  ..\Public\PhysX\geometry\PxGeometry.h
  ..\Public\PhysX\geometry\PxGeometryHelpers.h
  ..\Public\PhysX\geometry\PxGeometryHit.h
  ..\Public\PhysX\geometry\PxGeometryInternal.h
  ..\Public\PhysX\geometry\PxGeometryQuery.h
  ..\Public\PhysX\geometry\PxGeometryQueryContext.h
  ..\Public\PhysX\geometry\PxGeometryQueryFlags.h
  ..\Public\PhysX\geometry\PxGjkQuery.h
  ..\Public\PhysX\geometry\PxHairSystemDesc.h
  ..\Public\PhysX\geometry\PxHairSystemGeometry.h
  ..\Public\PhysX\geometry\PxHeightField.h
  ..\Public\PhysX\geometry\PxHeightFieldDesc.h
  ..\Public\PhysX\geometry\PxHeightFieldFlag.h
  ..\Public\PhysX\geometry\PxHeightFieldGeometry.h
  ..\Public\PhysX\geometry\PxHeightFieldSample.h
  ..\Public\PhysX\geometry\PxMeshQuery.h
  ..\Public\PhysX\geometry\PxMeshScale.h
  ..\Public\PhysX\geometry\PxParticleSystemGeometry.h
  ..\Public\PhysX\geometry\PxPlaneGeometry.h
  ..\Public\PhysX\geometry\PxReportCallback.h
  ..\Public\PhysX\geometry\PxSimpleTriangleMesh.h
  ..\Public\PhysX\geometry\PxSphereGeometry.h
  ..\Public\PhysX\geometry\PxTetrahedron.h
  ..\Public\PhysX\geometry\PxTetrahedronMesh.h
  ..\Public\PhysX\geometry\PxTetrahedronMeshGeometry.h
  ..\Public\PhysX\geometry\PxTriangle.h
  ..\Public\PhysX\geometry\PxTriangleMesh.h
  ..\Public\PhysX\geometry\PxTriangleMeshGeometry.h
  ..\Public\PhysX\geomutils\PxContactBuffer.h
  ..\Public\PhysX\geomutils\PxContactPoint.h
  ..\Public\PhysX\gpu\PxGpu.h
  ..\Public\PhysX\gpu\PxPhysicsGpu.h
  ..\Public\PhysX\omnipvd\PxOmniPvd.h
  ..\Public\PhysX\pvd\PxPvd.h
  ..\Public\PhysX\pvd\PxPvdSceneClient.h
  ..\Public\PhysX\pvd\PxPvdTransport.h
  ..\Public\PhysX\solver\PxSolverDefs.h
  ..\Public\PhysX\task\PxCpuDispatcher.h
  ..\Public\PhysX\task\PxTask.h
  ..\Public\PhysX\task\PxTaskManager.h
  ..\Public\PhysX\vehicle\PxVehicleComponents.h
  ..\Public\PhysX\vehicle\PxVehicleDrive.h
  ..\Public\PhysX\vehicle\PxVehicleDrive4W.h
  ..\Public\PhysX\vehicle\PxVehicleDriveNW.h
  ..\Public\PhysX\vehicle\PxVehicleDriveTank.h
  ..\Public\PhysX\vehicle\PxVehicleNoDrive.h
  ..\Public\PhysX\vehicle\PxVehicleSDK.h
  ..\Public\PhysX\vehicle\PxVehicleShaders.h
  ..\Public\PhysX\vehicle\PxVehicleTireFriction.h
  ..\Public\PhysX\vehicle\PxVehicleUpdate.h
  ..\Public\PhysX\vehicle\PxVehicleUtil.h
  ..\Public\PhysX\vehicle\PxVehicleUtilControl.h
  ..\Public\PhysX\vehicle\PxVehicleUtilSetup.h
  ..\Public\PhysX\vehicle\PxVehicleUtilTelemetry.h
  ..\Public\PhysX\vehicle\PxVehicleWheels.h
  ..\Public\PhysX\vehicle2\PxVehicleAPI.h
  ..\Public\PhysX\vehicle2\PxVehicleComponent.h
  ..\Public\PhysX\vehicle2\PxVehicleComponentSequence.h
  ..\Public\PhysX\vehicle2\PxVehicleFunctions.h
  ..\Public\PhysX\vehicle2\PxVehicleLimits.h
  ..\Public\PhysX\vehicle2\PxVehicleMaths.h
  ..\Public\PhysX\vehicle2\PxVehicleParams.h
  ..\Public\PhysX\vehicle2\braking\PxVehicleBrakingFunctions.h
  ..\Public\PhysX\vehicle2\braking\PxVehicleBrakingParams.h
  ..\Public\PhysX\vehicle2\commands\PxVehicleCommandHelpers.h
  ..\Public\PhysX\vehicle2\commands\PxVehicleCommandParams.h
  ..\Public\PhysX\vehicle2\commands\PxVehicleCommandStates.h
  ..\Public\PhysX\vehicle2\drivetrain\PxVehicleDrivetrainComponents.h
  ..\Public\PhysX\vehicle2\drivetrain\PxVehicleDrivetrainFunctions.h
  ..\Public\PhysX\vehicle2\drivetrain\PxVehicleDrivetrainHelpers.h
  ..\Public\PhysX\vehicle2\drivetrain\PxVehicleDrivetrainParams.h
  ..\Public\PhysX\vehicle2\drivetrain\PxVehicleDrivetrainStates.h
  ..\Public\PhysX\vehicle2\physxActor\PxVehiclePhysXActorComponents.h
  ..\Public\PhysX\vehicle2\physxActor\PxVehiclePhysXActorFunctions.h
  ..\Public\PhysX\vehicle2\physxActor\PxVehiclePhysXActorHelpers.h
  ..\Public\PhysX\vehicle2\physxActor\PxVehiclePhysXActorStates.h
  ..\Public\PhysX\vehicle2\physxConstraints\PxVehiclePhysXConstraintComponents.h
  ..\Public\PhysX\vehicle2\physxConstraints\PxVehiclePhysXConstraintFunctions.h
  ..\Public\PhysX\vehicle2\physxConstraints\PxVehiclePhysXConstraintHelpers.h
  ..\Public\PhysX\vehicle2\physxConstraints\PxVehiclePhysXConstraintParams.h
  ..\Public\PhysX\vehicle2\physxConstraints\PxVehiclePhysXConstraintStates.h
  ..\Public\PhysX\vehicle2\physxRoadGeometry\PxVehiclePhysXRoadGeometryComponents.h
  ..\Public\PhysX\vehicle2\physxRoadGeometry\PxVehiclePhysXRoadGeometryFunctions.h
  ..\Public\PhysX\vehicle2\physxRoadGeometry\PxVehiclePhysXRoadGeometryHelpers.h
  ..\Public\PhysX\vehicle2\physxRoadGeometry\PxVehiclePhysXRoadGeometryParams.h
  ..\Public\PhysX\vehicle2\physxRoadGeometry\PxVehiclePhysXRoadGeometryState.h
  ..\Public\PhysX\vehicle2\pvd\PxVehiclePvdComponents.h
  ..\Public\PhysX\vehicle2\pvd\PxVehiclePvdFunctions.h
  ..\Public\PhysX\vehicle2\pvd\PxVehiclePvdHelpers.h
  ..\Public\PhysX\vehicle2\rigidBody\PxVehicleRigidBodyComponents.h
  ..\Public\PhysX\vehicle2\rigidBody\PxVehicleRigidBodyFunctions.h
  ..\Public\PhysX\vehicle2\rigidBody\PxVehicleRigidBodyParams.h
  ..\Public\PhysX\vehicle2\rigidBody\PxVehicleRigidBodyStates.h
  ..\Public\PhysX\vehicle2\roadGeometry\PxVehicleRoadGeometryState.h
  ..\Public\PhysX\vehicle2\steering\PxVehicleSteeringFunctions.h
  ..\Public\PhysX\vehicle2\steering\PxVehicleSteeringParams.h
  ..\Public\PhysX\vehicle2\suspension\PxVehicleSuspensionComponents.h
  ..\Public\PhysX\vehicle2\suspension\PxVehicleSuspensionFunctions.h
  ..\Public\PhysX\vehicle2\suspension\PxVehicleSuspensionHelpers.h
  ..\Public\PhysX\vehicle2\suspension\PxVehicleSuspensionParams.h
  ..\Public\PhysX\vehicle2\suspension\PxVehicleSuspensionStates.h
  ..\Public\PhysX\vehicle2\tire\PxVehicleTireComponents.h
  ..\Public\PhysX\vehicle2\tire\PxVehicleTireFunctions.h
  ..\Public\PhysX\vehicle2\tire\PxVehicleTireHelpers.h
  ..\Public\PhysX\vehicle2\tire\PxVehicleTireParams.h
  ..\Public\PhysX\vehicle2\tire\PxVehicleTireStates.h
  ..\Public\PhysX\vehicle2\wheel\PxVehicleWheelComponents.h
  ..\Public\PhysX\vehicle2\wheel\PxVehicleWheelFunctions.h
  ..\Public\PhysX\vehicle2\wheel\PxVehicleWheelHelpers.h
  ..\Public\PhysX\vehicle2\wheel\PxVehicleWheelParams.h
  ..\Public\PhysX\vehicle2\wheel\PxVehicleWheelStates.h
  567개 파일이 복사되었습니다.
  ..\Bin\Engine.dll
  1개 파일이 복사되었습니다.
  ..\Bin\ShaderFiles\Shader_Bloom.hlsl
  ..\Bin\ShaderFiles\Shader_Cell.hlsl
  ..\Bin\ShaderFiles\Shader_Compute_Back.hlsl
  ..\Bin\ShaderFiles\Shader_Compute_Bloom.hlsl
  ..\Bin\ShaderFiles\Shader_Compute_Blur.hlsl
  ..\Bin\ShaderFiles\Shader_Compute_HDR.hlsl
  ..\Bin\ShaderFiles\Shader_Deferred.hlsl
  ..\Bin\ShaderFiles\Shader_Distortion.hlsl
  ..\Bin\ShaderFiles\Shader_Engine_Defines.hlsli
  ..\Bin\ShaderFiles\Shader_Function.hlsli
  ..\Bin\ShaderFiles\Shader_Model_Instance.hlsl
  ..\Bin\ShaderFiles\Shader_PostProcess.hlsl
  ..\Bin\ShaderFiles\Shader_SSAO.hlsl
  13개 파일이 복사되었습니다.
