c:\users\olivi\github\dx11_liesofp\framework_dx11\engine\default\x64\release\vc143.pdb
c:\users\olivi\github\dx11_liesofp\framework_dx11\engine\default\x64\release\unity_66fl2b5trc64sceo.obj
c:\users\olivi\github\dx11_liesofp\framework_dx11\engine\bin\shader_effect_texture.cso
c:\users\olivi\github\dx11_liesofp\framework_dx11\engine\bin\shader_bloom.cso
c:\users\olivi\github\dx11_liesofp\framework_dx11\engine\bin\shader_cell.cso
c:\users\olivi\github\dx11_liesofp\framework_dx11\engine\bin\shader_compute_back.cso
c:\users\olivi\github\dx11_liesofp\framework_dx11\engine\bin\shader_compute_bloom.cso
c:\users\olivi\github\dx11_liesofp\framework_dx11\engine\bin\shader_compute_blur.cso
c:\users\olivi\github\dx11_liesofp\framework_dx11\engine\bin\shader_deferred.cso
c:\users\olivi\github\dx11_liesofp\framework_dx11\engine\bin\shader_distortion.cso
c:\users\olivi\github\dx11_liesofp\framework_dx11\engine\bin\shader_compute_hdr.cso
c:\users\olivi\github\dx11_liesofp\framework_dx11\engine\bin\shader_model_instance.cso
c:\users\olivi\github\dx11_liesofp\framework_dx11\engine\bin\shader_postprocess.cso
c:\users\olivi\github\dx11_liesofp\framework_dx11\engine\bin\shader_ssao.cso
c:\users\olivi\github\dx11_liesofp\framework_dx11\engine\bin\engine.dll
c:\users\olivi\github\dx11_liesofp\framework_dx11\engine\bin\engine.pdb
d:\gitproject\dx11_liesofp\framework_dx11\engine\default\x64\release\unity_9cdj00fe6zxk395s.obj
d:\gitproject\dx11_liesofp\framework_dx11\engine\default\x64\release\engine.ipdb
d:\gitproject\dx11_liesofp\framework_dx11\engine\default\x64\release\engine.iobj
d:\gitproject\dx11_liesofp\framework_dx11\engine\default\x64\release\vc143.pdb
d:\gitproject\dx11_liesofp\framework_dx11\engine\bin\engine.dll
d:\gitproject\dx11_liesofp\framework_dx11\engine\default\x64\release\engine.tlog\cl.command.1.tlog
d:\gitproject\dx11_liesofp\framework_dx11\engine\default\x64\release\engine.tlog\cl.items.tlog
d:\gitproject\dx11_liesofp\framework_dx11\engine\default\x64\release\engine.tlog\cl.read.1.tlog
d:\gitproject\dx11_liesofp\framework_dx11\engine\default\x64\release\engine.tlog\cl.write.1.tlog
d:\gitproject\dx11_liesofp\framework_dx11\engine\default\x64\release\engine.tlog\fxc.command.1.tlog
d:\gitproject\dx11_liesofp\framework_dx11\engine\default\x64\release\engine.tlog\fxc.read.1.tlog
d:\gitproject\dx11_liesofp\framework_dx11\engine\default\x64\release\engine.tlog\fxc.write.1.tlog
d:\gitproject\dx11_liesofp\framework_dx11\engine\default\x64\release\engine.tlog\link.command.1.tlog
d:\gitproject\dx11_liesofp\framework_dx11\engine\default\x64\release\engine.tlog\link.read.1.tlog
d:\gitproject\dx11_liesofp\framework_dx11\engine\default\x64\release\engine.tlog\link.secondary.1.tlog
d:\gitproject\dx11_liesofp\framework_dx11\engine\default\x64\release\engine.tlog\link.write.1.tlog
