d:\gitproject\dx11_binary\binary_dx11\client\default\x64\debug\client.pch
d:\gitproject\dx11_binary\binary_dx11\client\default\x64\debug\vc143.pdb
d:\gitproject\dx11_binary\binary_dx11\client\default\x64\debug\vc143.idb
d:\gitproject\dx11_binary\binary_dx11\client\default\x64\debug\stdafx.obj
d:\gitproject\dx11_binary\binary_dx11\client\default\x64\debug\unity_qa6hp52himj87mhf.obj
d:\gitproject\dx11_binary\binary_dx11\client\bin\shader_vtxmodel.cso
d:\gitproject\dx11_binary\binary_dx11\client\bin\shader_vtxnortex.cso
d:\gitproject\dx11_binary\binary_dx11\client\bin\shader_vtxpostex.cso
d:\gitproject\dx11_binary\binary_dx11\client\default\x64\debug\client.res
d:\gitproject\dx11_binary\binary_dx11\client\default\x64\debug\client.tlog\cl.command.1.tlog
d:\gitproject\dx11_binary\binary_dx11\client\default\x64\debug\client.tlog\cl.read.1.tlog
d:\gitproject\dx11_binary\binary_dx11\client\default\x64\debug\client.tlog\cl.write.1.tlog
d:\gitproject\dx11_binary\binary_dx11\client\default\x64\debug\client.tlog\fxc.command.1.tlog
d:\gitproject\dx11_binary\binary_dx11\client\default\x64\debug\client.tlog\fxc.read.1.tlog
d:\gitproject\dx11_binary\binary_dx11\client\default\x64\debug\client.tlog\fxc.write.1.tlog
d:\gitproject\dx11_binary\binary_dx11\client\default\x64\debug\client.tlog\link-cvtres.read.1.tlog
d:\gitproject\dx11_binary\binary_dx11\client\default\x64\debug\client.tlog\link-cvtres.write.1.tlog
d:\gitproject\dx11_binary\binary_dx11\client\default\x64\debug\client.tlog\link-rc.read.1.tlog
d:\gitproject\dx11_binary\binary_dx11\client\default\x64\debug\client.tlog\link-rc.write.1.tlog
d:\gitproject\dx11_binary\binary_dx11\client\default\x64\debug\client.tlog\link.command.1.tlog
d:\gitproject\dx11_binary\binary_dx11\client\default\x64\debug\client.tlog\link.read.1.tlog
d:\gitproject\dx11_binary\binary_dx11\client\default\x64\debug\client.tlog\link.read.2.tlog
d:\gitproject\dx11_binary\binary_dx11\client\default\x64\debug\client.tlog\link.read.3.tlog
d:\gitproject\dx11_binary\binary_dx11\client\default\x64\debug\client.tlog\link.read.4.tlog
d:\gitproject\dx11_binary\binary_dx11\client\default\x64\debug\client.tlog\link.write.1.tlog
d:\gitproject\dx11_binary\binary_dx11\client\default\x64\debug\client.tlog\rc.command.1.tlog
d:\gitproject\dx11_binary\binary_dx11\client\default\x64\debug\client.tlog\rc.read.1.tlog
d:\gitproject\dx11_binary\binary_dx11\client\default\x64\debug\client.tlog\rc.write.1.tlog
