d:\githubprojects\dx11_liesofp\framework_dx11\client\default\x64\release\client.pch
d:\githubprojects\dx11_liesofp\framework_dx11\client\default\x64\release\vc143.pdb
d:\githubprojects\dx11_liesofp\framework_dx11\client\default\x64\release\stdafx.obj
d:\githubprojects\dx11_liesofp\framework_dx11\client\default\x64\release\unity_h1of8dg1b0t9sx6o.obj
d:\githubprojects\dx11_liesofp\framework_dx11\client\bin\shader_effect_mesh.cso
d:\githubprojects\dx11_liesofp\framework_dx11\client\bin\shader_effect_texture.cso
d:\githubprojects\dx11_liesofp\framework_dx11\client\bin\shader_particlecompute.cso
d:\githubprojects\dx11_liesofp\framework_dx11\client\bin\shader_ssd.cso
d:\githubprojects\dx11_liesofp\framework_dx11\client\bin\shader_trailhead_pointinstance.cso
d:\githubprojects\dx11_liesofp\framework_dx11\client\bin\shader_trailtail_pointinstance.cso
d:\githubprojects\dx11_liesofp\framework_dx11\client\bin\shader_trail_multipoint_compute.cso
d:\githubprojects\dx11_liesofp\framework_dx11\client\bin\shader_ui_change_color.cso
d:\githubprojects\dx11_liesofp\framework_dx11\client\bin\shader_ui_master.cso
d:\githubprojects\dx11_liesofp\framework_dx11\client\bin\shader_ui_multiple_color.cso
d:\githubprojects\dx11_liesofp\framework_dx11\client\bin\shader_ui_normal.cso
d:\githubprojects\dx11_liesofp\framework_dx11\client\bin\shader_vtxanimmodel.cso
d:\githubprojects\dx11_liesofp\framework_dx11\client\bin\shader_vtxcubetex.cso
d:\githubprojects\dx11_liesofp\framework_dx11\client\bin\shader_vtxmodel.cso
d:\githubprojects\dx11_liesofp\framework_dx11\client\bin\shader_vtxnortex.cso
d:\githubprojects\dx11_liesofp\framework_dx11\client\bin\shader_vtxpointinstance.cso
d:\githubprojects\dx11_liesofp\framework_dx11\client\bin\shader_vtxpostex.cso
d:\githubprojects\dx11_liesofp\framework_dx11\client\bin\shader_vtxrectinstance.cso
d:\githubprojects\dx11_liesofp\framework_dx11\client\bin\shader_vtxtrail_onepoint_instance.cso
d:\githubprojects\dx11_liesofp\framework_dx11\client\bin\shader_vtxtrail_twopoint_instance.cso
d:\githubprojects\dx11_liesofp\framework_dx11\client\bin\client.exe
d:\githubprojects\dx11_liesofp\framework_dx11\client\bin\client.pdb
d:\githubprojects\dx11_liesofp\framework_dx11\client\default\x64\release\client.res
d:\githubprojects\dx11_liesofp\framework_dx11\client\default\x64\release\client.ipdb
d:\githubprojects\dx11_liesofp\framework_dx11\client\default\x64\release\client.iobj
d:\githubprojects\dx11_liesofp\framework_dx11\client\default\x64\release\client.tlog\cl.command.1.tlog
d:\githubprojects\dx11_liesofp\framework_dx11\client\default\x64\release\client.tlog\cl.items.tlog
d:\githubprojects\dx11_liesofp\framework_dx11\client\default\x64\release\client.tlog\cl.read.1.tlog
d:\githubprojects\dx11_liesofp\framework_dx11\client\default\x64\release\client.tlog\cl.write.1.tlog
d:\githubprojects\dx11_liesofp\framework_dx11\client\default\x64\release\client.tlog\fxc.command.1.tlog
d:\githubprojects\dx11_liesofp\framework_dx11\client\default\x64\release\client.tlog\fxc.read.1.tlog
d:\githubprojects\dx11_liesofp\framework_dx11\client\default\x64\release\client.tlog\fxc.write.1.tlog
d:\githubprojects\dx11_liesofp\framework_dx11\client\default\x64\release\client.tlog\link.command.1.tlog
d:\githubprojects\dx11_liesofp\framework_dx11\client\default\x64\release\client.tlog\link.read.1.tlog
d:\githubprojects\dx11_liesofp\framework_dx11\client\default\x64\release\client.tlog\link.secondary.1.tlog
d:\githubprojects\dx11_liesofp\framework_dx11\client\default\x64\release\client.tlog\link.write.1.tlog
d:\githubprojects\dx11_liesofp\framework_dx11\client\default\x64\release\client.tlog\rc.command.1.tlog
d:\githubprojects\dx11_liesofp\framework_dx11\client\default\x64\release\client.tlog\rc.read.1.tlog
d:\githubprojects\dx11_liesofp\framework_dx11\client\default\x64\release\client.tlog\rc.write.1.tlog
