FXC : warning X4717: Effects deprecated for D3DCompiler_47
  
  compilation object save succeeded; see D:\GitProject\Dx11_LiesOfP\Framework_DX11\Client\Bin\Shader_DissolveCompute.cso
FXC : warning X4717: Effects deprecated for D3DCompiler_47
D:\GitProject\Dx11_LiesOfP\Framework_DX11\Client\Bin\ShaderFiles\Shader_Effect_Mesh.hlsl(106,5-26): warning X3206: implicit truncation of vector type
  
  compilation object save succeeded; see D:\GitProject\Dx11_LiesOfP\Framework_DX11\Client\Bin\Shader_Effect_Mesh.cso
FXC : warning X4717: Effects deprecated for D3DCompiler_47
  
  compilation object save succeeded; see D:\GitProject\Dx11_LiesOfP\Framework_DX11\Client\Bin\Shader_Effect_Texture.cso
FXC : warning X4717: Effects deprecated for D3DCompiler_47
D:\GitProject\Dx11_LiesOfP\Framework_DX11\Client\Bin\ShaderFiles\Shader_ParticleCompute.hlsl(324,9-30): warning X3203: signed/unsigned mismatch, unsigned assumed
D:\GitProject\Dx11_LiesOfP\Framework_DX11\Client\Bin\ShaderFiles\Shader_ParticleCompute.hlsl(399,9-30): warning X3203: signed/unsigned mismatch, unsigned assumed
D:\GitProject\Dx11_LiesOfP\Framework_DX11\Client\Bin\ShaderFiles\Shader_ParticleCompute.hlsl(474,9-30): warning X3203: signed/unsigned mismatch, unsigned assumed
  
  compilation object save succeeded; see D:\GitProject\Dx11_LiesOfP\Framework_DX11\Client\Bin\Shader_ParticleCompute.cso
FXC : warning X4717: Effects deprecated for D3DCompiler_47
D:\GitProject\Dx11_LiesOfP\Framework_DX11\Client\Bin\ShaderFiles\Shader_SSD.hlsl(108,12-76): warning X3206: implicit truncation of vector type
  
  compilation object save succeeded; see D:\GitProject\Dx11_LiesOfP\Framework_DX11\Client\Bin\Shader_SSD.cso
FXC : warning X4717: Effects deprecated for D3DCompiler_47
D:\GitProject\Dx11_LiesOfP\Framework_DX11\Client\Bin\ShaderFiles\Shader_TrailHead_PointInstance.hlsl(81,5-75): warning X3206: implicit truncation of vector type
  
  compilation object save succeeded; see D:\GitProject\Dx11_LiesOfP\Framework_DX11\Client\Bin\Shader_TrailHead_PointInstance.cso
FXC : warning X4717: Effects deprecated for D3DCompiler_47
D:\GitProject\Dx11_LiesOfP\Framework_DX11\Client\Bin\ShaderFiles\Shader_TrailTail_PointInstance.hlsl(88,5-75): warning X3206: implicit truncation of vector type
D:\GitProject\Dx11_LiesOfP\Framework_DX11\Client\Bin\ShaderFiles\Shader_TrailTail_PointInstance.hlsl(305,12-38): warning X3206: implicit truncation of vector type
  
  compilation object save succeeded; see D:\GitProject\Dx11_LiesOfP\Framework_DX11\Client\Bin\Shader_TrailTail_PointInstance.cso
FXC : warning X4717: Effects deprecated for D3DCompiler_47
D:\GitProject\Dx11_LiesOfP\Framework_DX11\Client\Bin\ShaderFiles\Shader_Trail_MultiPoint_Compute.hlsl(701,21-69): warning X3206: implicit truncation of vector type
D:\GitProject\Dx11_LiesOfP\Framework_DX11\Client\Bin\ShaderFiles\Shader_Trail_MultiPoint_Compute.hlsl(703,21-60): warning X3206: implicit truncation of vector type
D:\GitProject\Dx11_LiesOfP\Framework_DX11\Client\Bin\ShaderFiles\Shader_Trail_MultiPoint_Compute.hlsl(707,21-100): warning X3206: implicit truncation of vector type
  
  compilation object save succeeded; see D:\GitProject\Dx11_LiesOfP\Framework_DX11\Client\Bin\Shader_Trail_MultiPoint_Compute.cso
FXC : warning X4717: Effects deprecated for D3DCompiler_47
  
  compilation object save succeeded; see D:\GitProject\Dx11_LiesOfP\Framework_DX11\Client\Bin\Shader_UI_Change_Color.cso
FXC : warning X4717: Effects deprecated for D3DCompiler_47
D:\GitProject\Dx11_LiesOfP\Framework_DX11\Client\Bin\ShaderFiles\Shader_UI_Master.hlsl(232,9-47): warning X3206: 'Check_Angle': implicit truncation of vector type
D:\GitProject\Dx11_LiesOfP\Framework_DX11\Client\Bin\ShaderFiles\Shader_UI_Master.hlsl(247,9-47): warning X3206: 'Check_Angle': implicit truncation of vector type
D:\GitProject\Dx11_LiesOfP\Framework_DX11\Client\Bin\ShaderFiles\Shader_UI_Master.hlsl(265,9-47): warning X3206: 'Check_Angle': implicit truncation of vector type
  
  compilation object save succeeded; see D:\GitProject\Dx11_LiesOfP\Framework_DX11\Client\Bin\Shader_UI_Master.cso
FXC : warning X4717: Effects deprecated for D3DCompiler_47
  
  compilation object save succeeded; see D:\GitProject\Dx11_LiesOfP\Framework_DX11\Client\Bin\Shader_UI_Multiple_Color.cso
FXC : warning X4717: Effects deprecated for D3DCompiler_47
  
  compilation object save succeeded; see D:\GitProject\Dx11_LiesOfP\Framework_DX11\Client\Bin\Shader_UI_Normal.cso
FXC : warning X4717: Effects deprecated for D3DCompiler_47
  
  compilation object save succeeded; see D:\GitProject\Dx11_LiesOfP\Framework_DX11\Client\Bin\Shader_VtxAnimModel.cso
FXC : warning X4717: Effects deprecated for D3DCompiler_47
  
  compilation object save succeeded; see D:\GitProject\Dx11_LiesOfP\Framework_DX11\Client\Bin\Shader_VtxCubeTex.cso
FXC : warning X4717: Effects deprecated for D3DCompiler_47
D:\GitProject\Dx11_LiesOfP\Framework_DX11\Client\Bin\ShaderFiles\Shader_VtxDiffuseInstance.hlsl(87,5-75): warning X3206: implicit truncation of vector type
  
  compilation object save succeeded; see D:\GitProject\Dx11_LiesOfP\Framework_DX11\Client\Bin\Shader_VtxDiffuseInstance.cso
FXC : warning X4717: Effects deprecated for D3DCompiler_47
  
  compilation object save succeeded; see D:\GitProject\Dx11_LiesOfP\Framework_DX11\Client\Bin\Shader_VtxModel.cso
FXC : warning X4717: Effects deprecated for D3DCompiler_47
  
  compilation object save succeeded; see D:\GitProject\Dx11_LiesOfP\Framework_DX11\Client\Bin\Shader_VtxNorTex.cso
FXC : warning X4717: Effects deprecated for D3DCompiler_47
D:\GitProject\Dx11_LiesOfP\Framework_DX11\Client\Bin\ShaderFiles\Shader_VtxPointInstance.hlsl(76,5-66): warning X3206: implicit truncation of vector type
  
  compilation object save succeeded; see D:\GitProject\Dx11_LiesOfP\Framework_DX11\Client\Bin\Shader_VtxPointInstance.cso
FXC : warning X4717: Effects deprecated for D3DCompiler_47
  
  compilation object save succeeded; see D:\GitProject\Dx11_LiesOfP\Framework_DX11\Client\Bin\Shader_VtxPosTex.cso
FXC : warning X4717: Effects deprecated for D3DCompiler_47
  
  compilation object save succeeded; see D:\GitProject\Dx11_LiesOfP\Framework_DX11\Client\Bin\Shader_VtxRectInstance.cso
FXC : warning X4717: Effects deprecated for D3DCompiler_47
  
  compilation object save succeeded; see D:\GitProject\Dx11_LiesOfP\Framework_DX11\Client\Bin\Shader_VtxTrail_OnePoint_Instance.cso
FXC : warning X4717: Effects deprecated for D3DCompiler_47
  
  compilation object save succeeded; see D:\GitProject\Dx11_LiesOfP\Framework_DX11\Client\Bin\Shader_VtxTrail_TwoPoint_Instance.cso
C:\Program Files\Microsoft Visual Studio\2022\Community\MSBuild\Microsoft\VC\v170\Microsoft.Cpp.Unity.targets(190,5): warning : 'C:\Users\olivi\GitHub\Dx11_LiesOfP\Framework_DX11\Client\Default\x64\Release\unity_K5VXH30JJRU5KMB9.cpp' 경로의 일부를 찾을 수 없습니다.
  stdafx.cpp
  unity_BBP36PH37Q22KK2N.cpp
D:\GitProject\Dx11_LiesOfP\Framework_DX11\EngineSDK\Inc\NvCloth\ps\PsAllocator.h(49,1): warning C4005: 'PX_ALLOC': 매크로 재정의
  (소스 파일 '/x64/Release/unity_BBP36PH37Q22KK2N.cpp'을(를) 컴파일하는 중)
  D:\GitProject\Dx11_LiesOfP\Framework_DX11\EngineSDK\Inc\PhysX\foundation\PxAllocator.h(67,1):
  'PX_ALLOC'의 이전 정의를 참조하십시오.
  
D:\GitProject\Dx11_LiesOfP\Framework_DX11\EngineSDK\Inc\NvCloth\ps\PsAllocator.h(51,1): warning C4005: 'PX_FREE': 매크로 재정의
  (소스 파일 '/x64/Release/unity_BBP36PH37Q22KK2N.cpp'을(를) 컴파일하는 중)
  D:\GitProject\Dx11_LiesOfP\Framework_DX11\EngineSDK\Inc\PhysX\foundation\PxAllocator.h(77,1):
  'PX_FREE'의 이전 정의를 참조하십시오.
  
D:\GitProject\Dx11_LiesOfP\Framework_DX11\EngineSDK\Inc\NvCloth\ps\PsAllocator.h(59,1): warning C4005: 'PX_NEW': 매크로 재정의
  (소스 파일 '/x64/Release/unity_BBP36PH37Q22KK2N.cpp'을(를) 컴파일하는 중)
  D:\GitProject\Dx11_LiesOfP\Framework_DX11\EngineSDK\Inc\PhysX\foundation\PxAllocator.h(87,1):
  'PX_NEW'의 이전 정의를 참조하십시오.
  
D:\GitProject\Dx11_LiesOfP\Framework_DX11\EngineSDK\Inc\NvCloth\ps\PsAllocator.h(61,1): warning C4005: 'PX_DELETE': 매크로 재정의
  (소스 파일 '/x64/Release/unity_BBP36PH37Q22KK2N.cpp'을(를) 컴파일하는 중)
  D:\GitProject\Dx11_LiesOfP\Framework_DX11\EngineSDK\Inc\PhysX\foundation\PxAllocator.h(89,1):
  'PX_DELETE'의 이전 정의를 참조하십시오.
  
D:\GitProject\Dx11_LiesOfP\Framework_DX11\EngineSDK\Inc\NvCloth\ps\PsAllocator.h(76,1): warning C4005: 'PX_DELETE_ARRAY': 매크로 재정의
  (소스 파일 '/x64/Release/unity_BBP36PH37Q22KK2N.cpp'을(를) 컴파일하는 중)
  D:\GitProject\Dx11_LiesOfP\Framework_DX11\EngineSDK\Inc\PhysX\foundation\PxAllocator.h(90,1):
  'PX_DELETE_ARRAY'의 이전 정의를 참조하십시오.
  
D:\GitProject\Dx11_LiesOfP\Framework_DX11\Client\Private\State_Player_Arm_Start.cpp(224,45): warning C4018: '<': signed 또는 unsigned가 일치하지 않습니다.
  (소스 파일 '/x64/Release/unity_BBP36PH37Q22KK2N.cpp'을(를) 컴파일하는 중)
  
D:\GitProject\Dx11_LiesOfP\Framework_DX11\Client\Private\UIPage_Tutorial.cpp(7,10): warning C4067: 전처리기 지시문 다음에 예기치 않은 토큰이 있습니다. 줄 바꿈 문자가 필요합니다.
  (소스 파일 '/x64/Release/unity_BBP36PH37Q22KK2N.cpp'을(를) 컴파일하는 중)
  
D:\GitProject\Dx11_LiesOfP\Framework_DX11\Client\Private\UIPage_Tutorial.cpp(8,10): warning C4067: 전처리기 지시문 다음에 예기치 않은 토큰이 있습니다. 줄 바꿈 문자가 필요합니다.
  (소스 파일 '/x64/Release/unity_BBP36PH37Q22KK2N.cpp'을(를) 컴파일하는 중)
  
D:\GitProject\Dx11_LiesOfP\Framework_DX11\Client\Private\UIPage_Tutorial.cpp(9,10): warning C4067: 전처리기 지시문 다음에 예기치 않은 토큰이 있습니다. 줄 바꿈 문자가 필요합니다.
  (소스 파일 '/x64/Release/unity_BBP36PH37Q22KK2N.cpp'을(를) 컴파일하는 중)
  
D:\GitProject\Dx11_LiesOfP\Framework_DX11\Client\Private\UIPage_Tutorial.cpp(10,10): warning C4067: 전처리기 지시문 다음에 예기치 않은 토큰이 있습니다. 줄 바꿈 문자가 필요합니다.
  (소스 파일 '/x64/Release/unity_BBP36PH37Q22KK2N.cpp'을(를) 컴파일하는 중)
  
D:\GitProject\Dx11_LiesOfP\Framework_DX11\Client\Private\UIPage_Tutorial.cpp(11,10): warning C4067: 전처리기 지시문 다음에 예기치 않은 토큰이 있습니다. 줄 바꿈 문자가 필요합니다.
  (소스 파일 '/x64/Release/unity_BBP36PH37Q22KK2N.cpp'을(를) 컴파일하는 중)
  
D:\GitProject\Dx11_LiesOfP\Framework_DX11\Client\Private\UIPage_Tutorial.cpp(13,10): warning C4067: 전처리기 지시문 다음에 예기치 않은 토큰이 있습니다. 줄 바꿈 문자가 필요합니다.
  (소스 파일 '/x64/Release/unity_BBP36PH37Q22KK2N.cpp'을(를) 컴파일하는 중)
  
D:\GitProject\Dx11_LiesOfP\Framework_DX11\Client\Private\UIPage_Tutorial.cpp(14,10): warning C4067: 전처리기 지시문 다음에 예기치 않은 토큰이 있습니다. 줄 바꿈 문자가 필요합니다.
  (소스 파일 '/x64/Release/unity_BBP36PH37Q22KK2N.cpp'을(를) 컴파일하는 중)
  
D:\GitProject\Dx11_LiesOfP\Framework_DX11\Client\Private\UIPage_Tutorial.cpp(360,36): warning C4806: '==': 안전하지 않은 연산입니다. 'bool' 형식의 값('Engine::KEY_STATE' 형식으로 확장)이 주어진 상수와 같을 수 없습니다.
  (소스 파일 '/x64/Release/unity_BBP36PH37Q22KK2N.cpp'을(를) 컴파일하는 중)
  
D:\GitProject\Dx11_LiesOfP\Framework_DX11\Client\Private\UIPage_Tutorial.cpp(410,35): warning C4806: '==': 안전하지 않은 연산입니다. 'bool' 형식의 값('Engine::KEY_STATE' 형식으로 확장)이 주어진 상수와 같을 수 없습니다.
  (소스 파일 '/x64/Release/unity_BBP36PH37Q22KK2N.cpp'을(를) 컴파일하는 중)
  
D:\GitProject\Dx11_LiesOfP\Framework_DX11\Client\Private\UIPage_Tutorial.cpp(456,36): warning C4806: '==': 안전하지 않은 연산입니다. 'bool' 형식의 값('Engine::KEY_STATE' 형식으로 확장)이 주어진 상수와 같을 수 없습니다.
  (소스 파일 '/x64/Release/unity_BBP36PH37Q22KK2N.cpp'을(를) 컴파일하는 중)
  
D:\GitProject\Dx11_LiesOfP\Framework_DX11\Client\Private\Item_Manager.cpp(1017,19): warning C4018: '<': signed 또는 unsigned가 일치하지 않습니다.
  (소스 파일 '/x64/Release/unity_BBP36PH37Q22KK2N.cpp'을(를) 컴파일하는 중)
  
  코드를 생성하고 있습니다.
D:\GitProject\Dx11_LiesOfP\Framework_DX11\Client\Private\Level_GamePlay.cpp(205): warning C4715: 'Client::CLevel_GamePlay::Ready_Layer_Effect': 모든 제어 경로에서 값을 반환하지는 않습니다.
  10908 of 10967 functions (99.5%) were compiled, the rest were copied from previous compilation.
    14 functions were new in current compilation
    5 functions had inline decision re-evaluated but remain unchanged
  코드를 생성했습니다.
  Client.vcxproj -> D:\GitProject\Dx11_LiesOfP\Framework_DX11\Client\Bin\Client.exe
