  stdafx.cpp
  imgui.cpp
  imgui_demo.cpp
  imgui_draw.cpp
  imgui_impl_dx11.cpp
  imgui_impl_win32.cpp
  imgui_tables.cpp
  imgui_widgets.cpp
  BackGround.cpp
  FreeCamera.cpp
  ImGui_Manager.cpp
  Level_GamePlay.cpp
  Level_Loading.cpp
  Level_Logo.cpp
  Loader.cpp
  MainApp.cpp
  Terrain.cpp
  TerrainController.cpp
  Client.cpp
  코드를 생성하고 있습니다.
  Previous IPDB not found, fall back to full compilation.
  All 2273 functions were compiled because no usable IPDB/IOBJ from previous compilation was found.
  코드를 생성했습니다.
  Client.vcxproj -> D:\GitProject\DX11_Tools\Framework_Tool_DX11\Client\Bin\Client.exe
