d:\gitproject\dx_frameworks\framework_dx11\client\default\x64\release\client.pch
d:\gitproject\dx_frameworks\framework_dx11\client\default\x64\release\vc143.pdb
d:\gitproject\dx_frameworks\framework_dx11\client\default\x64\release\stdafx.obj
d:\gitproject\dx_frameworks\framework_dx11\client\default\x64\release\client.obj
d:\gitproject\dx_frameworks\framework_dx11\client\default\x64\release\mainapp.obj
d:\gitproject\dx_frameworks\framework_dx11\client\default\x64\release\level_logo.obj
d:\gitproject\dx_frameworks\framework_dx11\client\default\x64\release\level_loading.obj
d:\gitproject\dx_frameworks\framework_dx11\client\default\x64\release\level_gameplay.obj
d:\gitproject\dx_frameworks\framework_dx11\client\default\x64\release\loader.obj
d:\gitproject\dx_frameworks\framework_dx11\client\default\x64\release\background.obj
d:\gitproject\dx11_tools\framework_tool_dx11\client\default\x64\release\client.pch
d:\gitproject\dx11_tools\framework_tool_dx11\client\default\x64\release\vc143.pdb
d:\gitproject\dx11_tools\framework_tool_dx11\client\default\x64\release\stdafx.obj
d:\gitproject\dx11_tools\framework_tool_dx11\client\default\x64\release\imgui_widgets.obj
d:\gitproject\dx11_tools\framework_tool_dx11\client\default\x64\release\imgui_tables.obj
d:\gitproject\dx11_tools\framework_tool_dx11\client\default\x64\release\imgui_impl_win32.obj
d:\gitproject\dx11_tools\framework_tool_dx11\client\default\x64\release\imgui_impl_dx11.obj
d:\gitproject\dx11_tools\framework_tool_dx11\client\default\x64\release\imgui_draw.obj
d:\gitproject\dx11_tools\framework_tool_dx11\client\default\x64\release\imgui_demo.obj
d:\gitproject\dx11_tools\framework_tool_dx11\client\default\x64\release\imgui.obj
d:\gitproject\dx11_tools\framework_tool_dx11\client\bin\shader_vtxnortex.cso
d:\gitproject\dx11_tools\framework_tool_dx11\client\bin\shader_vtxpostex.cso
d:\gitproject\dx_frameworks\framework_dx11\client\bin\client.exe
d:\gitproject\dx_frameworks\framework_dx11\client\bin\client.pdb
d:\gitproject\dx_frameworks\framework_dx11\client\default\x64\release\client.iobj
d:\gitproject\dx_frameworks\framework_dx11\client\default\x64\release\client.res
d:\gitproject\dx11_tools\framework_tool_dx11\client\default\x64\release\background.obj
d:\gitproject\dx11_tools\framework_tool_dx11\client\default\x64\release\client.obj
d:\gitproject\dx11_tools\framework_tool_dx11\client\default\x64\release\level_gameplay.obj
d:\gitproject\dx11_tools\framework_tool_dx11\client\default\x64\release\level_loading.obj
d:\gitproject\dx11_tools\framework_tool_dx11\client\default\x64\release\level_logo.obj
d:\gitproject\dx11_tools\framework_tool_dx11\client\default\x64\release\loader.obj
d:\gitproject\dx11_tools\framework_tool_dx11\client\default\x64\release\mainapp.obj
d:\gitproject\dx11_tools\framework_tool_dx11\client\default\x64\release\client.ipdb
d:\gitproject\dx11_tools\framework_tool_dx11\client\default\x64\release\client.iobj
d:\gitproject\dx11_tools\framework_tool_dx11\client\default\x64\release\client.res
d:\gitproject\dx11_tools\framework_tool_dx11\client\bin\client.exe
d:\gitproject\dx11_tools\framework_tool_dx11\client\default\x64\release\client.tlog\cl.command.1.tlog
d:\gitproject\dx11_tools\framework_tool_dx11\client\default\x64\release\client.tlog\cl.items.tlog
d:\gitproject\dx11_tools\framework_tool_dx11\client\default\x64\release\client.tlog\cl.read.1.tlog
d:\gitproject\dx11_tools\framework_tool_dx11\client\default\x64\release\client.tlog\cl.write.1.tlog
d:\gitproject\dx11_tools\framework_tool_dx11\client\default\x64\release\client.tlog\fxc.command.1.tlog
d:\gitproject\dx11_tools\framework_tool_dx11\client\default\x64\release\client.tlog\fxc.read.1.tlog
d:\gitproject\dx11_tools\framework_tool_dx11\client\default\x64\release\client.tlog\fxc.write.1.tlog
d:\gitproject\dx11_tools\framework_tool_dx11\client\default\x64\release\client.tlog\link.command.1.tlog
d:\gitproject\dx11_tools\framework_tool_dx11\client\default\x64\release\client.tlog\link.read.1.tlog
d:\gitproject\dx11_tools\framework_tool_dx11\client\default\x64\release\client.tlog\link.write.1.tlog
d:\gitproject\dx11_tools\framework_tool_dx11\client\default\x64\release\client.tlog\rc.command.1.tlog
d:\gitproject\dx11_tools\framework_tool_dx11\client\default\x64\release\client.tlog\rc.read.1.tlog
d:\gitproject\dx11_tools\framework_tool_dx11\client\default\x64\release\client.tlog\rc.write.1.tlog
