d:\gitproject\dx11_tools\framework_tool_dx11\engine\default\x64\release\vc143.pdb
d:\gitproject\dx11_tools\framework_tool_dx11\engine\default\x64\release\shader.obj
d:\gitproject\dx11_tools\framework_tool_dx11\engine\default\x64\release\renderer.obj
d:\gitproject\dx11_tools\framework_tool_dx11\engine\default\x64\release\pipeline.obj
d:\gitproject\dx11_tools\framework_tool_dx11\engine\default\x64\release\picking_manager.obj
d:\gitproject\dx11_tools\framework_tool_dx11\engine\default\x64\release\object_manager.obj
d:\gitproject\dx11_tools\framework_tool_dx11\engine\default\x64\release\level_manager.obj
d:\gitproject\dx11_tools\framework_tool_dx11\engine\default\x64\release\level.obj
d:\gitproject\dx11_tools\framework_tool_dx11\engine\default\x64\release\layer.obj
d:\gitproject\dx11_tools\framework_tool_dx11\engine\default\x64\release\key_manager.obj
d:\gitproject\dx11_tools\framework_tool_dx11\engine\default\x64\release\graphic_device.obj
d:\gitproject\dx11_tools\framework_tool_dx11\engine\default\x64\release\gameobject.obj
d:\gitproject\dx11_tools\framework_tool_dx11\engine\default\x64\release\gameinstance.obj
d:\gitproject\dx11_tools\framework_tool_dx11\engine\default\x64\release\fsm.obj
d:\gitproject\dx11_tools\framework_tool_dx11\engine\default\x64\release\event_manager.obj
d:\gitproject\dx11_tools\framework_tool_dx11\engine\default\x64\release\engine_struct.obj
d:\gitproject\dx11_tools\framework_tool_dx11\engine\default\x64\release\component_manager.obj
d:\gitproject\dx11_tools\framework_tool_dx11\engine\default\x64\release\component.obj
d:\gitproject\dx11_tools\framework_tool_dx11\engine\default\x64\release\camera.obj
d:\gitproject\dx11_tools\framework_tool_dx11\engine\default\x64\release\blendobject.obj
d:\gitproject\dx11_tools\framework_tool_dx11\engine\default\x64\release\base.obj
d:\gitproject\dx11_tools\framework_tool_dx11\engine\default\x64\release\vibuffer_rect.obj
d:\gitproject\dx11_tools\framework_tool_dx11\engine\default\x64\release\vibuffer.obj
d:\gitproject\dx11_tools\framework_tool_dx11\engine\default\x64\release\ui_manager.obj
d:\gitproject\dx11_tools\framework_tool_dx11\engine\default\x64\release\uiobject.obj
d:\gitproject\dx11_tools\framework_tool_dx11\engine\default\x64\release\transform.obj
d:\gitproject\dx11_tools\framework_tool_dx11\engine\default\x64\release\timer_manager.obj
d:\gitproject\dx11_tools\framework_tool_dx11\engine\default\x64\release\timer.obj
d:\gitproject\dx11_tools\framework_tool_dx11\engine\default\x64\release\texture.obj
d:\gitproject\dx11_tools\framework_tool_dx11\engine\default\x64\release\vibuffer_terrain.obj
d:\gitproject\dx11_tools\framework_tool_dx11\engine\default\x64\release\state.obj
d:\gitproject\dx11_tools\framework_tool_dx11\engine\default\x64\release\sound_manager.obj
d:\gitproject\dx11_tools\framework_tool_dx11\engine\bin\engine.lib
d:\gitproject\dx11_tools\framework_tool_dx11\engine\bin\engine.exp
d:\gitproject\dx11_tools\framework_tool_dx11\engine\bin\engine.dll
d:\gitproject\dx11_tools\framework_tool_dx11\engine\bin\engine.pdb
d:\gitproject\dx11_tools\framework_tool_dx11\engine\default\x64\release\engine.iobj
d:\gitproject\dx11_tools\framework_tool_dx11\engine\default\x64\release\engine.ipdb
d:\gitproject\dx11_tools\framework_tool_dx11\engine\default\x64\release\engine.tlog\cl.command.1.tlog
d:\gitproject\dx11_tools\framework_tool_dx11\engine\default\x64\release\engine.tlog\cl.items.tlog
d:\gitproject\dx11_tools\framework_tool_dx11\engine\default\x64\release\engine.tlog\cl.read.1.tlog
d:\gitproject\dx11_tools\framework_tool_dx11\engine\default\x64\release\engine.tlog\cl.write.1.tlog
d:\gitproject\dx11_tools\framework_tool_dx11\engine\default\x64\release\engine.tlog\link.command.1.tlog
d:\gitproject\dx11_tools\framework_tool_dx11\engine\default\x64\release\engine.tlog\link.read.1.tlog
d:\gitproject\dx11_tools\framework_tool_dx11\engine\default\x64\release\engine.tlog\link.write.1.tlog
d:\gitproject\dx11_tools\framework_tool_dx11\engine\default\x64\release\engine.tlog\link.write.2u.tlog
