d:\gitproject\dx11_liesofp\framework_dx11\x64\release\shader_effect_mesh.cso
d:\gitproject\dx11_liesofp\framework_dx11\x64\release\shader_ssd.cso
d:\gitproject\dx11_liesofp\framework_dx11\x64\release\shader_trailhead_pointinstance.cso
d:\gitproject\dx11_liesofp\framework_dx11\x64\release\shader_trailtail_pointinstance.cso
d:\gitproject\dx11_liesofp\framework_dx11\x64\release\shader_trail_multipoint_compute.cso
d:\gitproject\dx11_liesofp\framework_dx11\x64\release\shader_ui_change_color.cso
d:\gitproject\dx11_liesofp\framework_dx11\x64\release\shader_ui_master.cso
d:\gitproject\dx11_liesofp\framework_dx11\x64\release\shader_ui_multiple_color.cso
d:\gitproject\dx11_liesofp\framework_dx11\x64\release\shader_ui_normal.cso
d:\gitproject\dx11_liesofp\framework_dx11\x64\release\shader_vtxanimmodel.cso
d:\gitproject\dx11_liesofp\framework_dx11\x64\release\shader_vtxcubetex.cso
d:\gitproject\dx11_liesofp\framework_dx11\x64\release\shader_vtxmodel.cso
d:\gitproject\dx11_liesofp\framework_dx11\x64\release\shader_vtxnortex.cso
d:\gitproject\dx11_liesofp\framework_dx11\x64\release\shader_vtxpostex.cso
d:\gitproject\dx11_liesofp\framework_dx11\x64\release\shader_vtxrectinstance.cso
d:\gitproject\dx11_liesofp\framework_dx11\x64\release\shader_vtxtrail_onepoint_instance.cso
d:\gitproject\dx11_liesofp\framework_dx11\x64\release\shader_vtxtrail_twopoint_instance.cso
d:\gitproject\dx11_liesofp\framework_dx11\x64\release\shader_particlecompute.cso
d:\gitproject\dx11_liesofp\framework_dx11\x64\release\shader_effect_texture.cso
d:\gitproject\dx11_liesofp\framework_dx11\x64\release\shader_vtxpointinstance.cso
d:\githubprojects\dx11_liesofp\framework_dx11\x64\release\shader_effect_mesh.cso
d:\githubprojects\dx11_liesofp\framework_dx11\x64\release\shader_particlecompute.cso
d:\githubprojects\dx11_liesofp\framework_dx11\x64\release\shader_effect_texture.cso
d:\githubprojects\dx11_liesofp\framework_dx11\x64\release\shader_ssd.cso
d:\githubprojects\dx11_liesofp\framework_dx11\x64\release\shader_trailhead_pointinstance.cso
d:\githubprojects\dx11_liesofp\framework_dx11\x64\release\shader_trailtail_pointinstance.cso
d:\githubprojects\dx11_liesofp\framework_dx11\x64\release\shader_trail_multipoint_compute.cso
d:\githubprojects\dx11_liesofp\framework_dx11\x64\release\shader_ui_change_color.cso
d:\githubprojects\dx11_liesofp\framework_dx11\x64\release\shader_ui_master.cso
d:\githubprojects\dx11_liesofp\framework_dx11\x64\release\shader_ui_multiple_color.cso
d:\githubprojects\dx11_liesofp\framework_dx11\x64\release\shader_ui_normal.cso
d:\githubprojects\dx11_liesofp\framework_dx11\x64\release\shader_vtxanimmodel.cso
d:\githubprojects\dx11_liesofp\framework_dx11\x64\release\shader_vtxcubetex.cso
d:\githubprojects\dx11_liesofp\framework_dx11\x64\release\shader_vtxmodel.cso
d:\githubprojects\dx11_liesofp\framework_dx11\x64\release\shader_vtxnortex.cso
d:\githubprojects\dx11_liesofp\framework_dx11\x64\release\shader_vtxpointinstance.cso
d:\githubprojects\dx11_liesofp\framework_dx11\x64\release\shader_vtxpostex.cso
d:\githubprojects\dx11_liesofp\framework_dx11\x64\release\shader_vtxrectinstance.cso
d:\githubprojects\dx11_liesofp\framework_dx11\x64\release\shader_vtxtrail_onepoint_instance.cso
d:\githubprojects\dx11_liesofp\framework_dx11\x64\release\shader_vtxtrail_twopoint_instance.cso
c:\users\olivi\github\dx11_liesofp\framework_dx11\x64\release\shader_particlecompute.cso
c:\users\olivi\github\dx11_liesofp\framework_dx11\x64\release\shader_effect_texture.cso
c:\users\olivi\github\dx11_liesofp\framework_dx11\x64\release\shader_ssd.cso
c:\users\olivi\github\dx11_liesofp\framework_dx11\x64\release\shader_trailhead_pointinstance.cso
c:\users\olivi\github\dx11_liesofp\framework_dx11\x64\release\shader_ui_change_color.cso
c:\users\olivi\github\dx11_liesofp\framework_dx11\x64\release\shader_ui_master.cso
c:\users\olivi\github\dx11_liesofp\framework_dx11\x64\release\shader_ui_multiple_color.cso
c:\users\olivi\github\dx11_liesofp\framework_dx11\x64\release\shader_ui_normal.cso
c:\users\olivi\github\dx11_liesofp\framework_dx11\x64\release\shader_vtxanimmodel.cso
c:\users\olivi\github\dx11_liesofp\framework_dx11\x64\release\shader_vtxcubetex.cso
c:\users\olivi\github\dx11_liesofp\framework_dx11\x64\release\shader_vtxmodel.cso
c:\users\olivi\github\dx11_liesofp\framework_dx11\x64\release\shader_vtxnortex.cso
c:\users\olivi\github\dx11_liesofp\framework_dx11\x64\release\shader_vtxpostex.cso
c:\users\olivi\github\dx11_liesofp\framework_dx11\x64\release\shader_vtxrectinstance.cso
c:\users\olivi\github\dx11_liesofp\framework_dx11\x64\release\shader_vtxtrail_onepoint_instance.cso
c:\users\olivi\github\dx11_liesofp\framework_dx11\x64\release\shader_vtxtrail_twopoint_instance.cso
c:\users\olivi\github\dx11_liesofp\framework_dx11\x64\release\shader_effect_mesh.cso
c:\users\olivi\github\dx11_liesofp\framework_dx11\x64\release\shader_trailtail_pointinstance.cso
c:\users\olivi\github\dx11_liesofp\framework_dx11\x64\release\shader_trail_multipoint_compute.cso
c:\users\olivi\github\dx11_liesofp\framework_dx11\x64\release\shader_vtxpointinstance.cso
d:\githubprojects\dx11_liesofp\framework_dx11\tools\default\x64\release\vc143.pdb
d:\githubprojects\dx11_liesofp\framework_dx11\tools\default\x64\release\tools.tlog\cl.command.1.tlog
d:\githubprojects\dx11_liesofp\framework_dx11\tools\default\x64\release\tools.tlog\fxc.command.1.tlog
d:\githubprojects\dx11_liesofp\framework_dx11\tools\default\x64\release\tools.tlog\fxc.read.1.tlog
d:\githubprojects\dx11_liesofp\framework_dx11\tools\default\x64\release\tools.tlog\fxc.write.1.tlog
