FXC : warning X4717: Effects deprecated for D3DCompiler_47
  
  compilation object save succeeded; see D:\GitProject\Dx11_LiesOfP\Framework_DX11\x64\Release\Shader_Effect_Mesh.cso
FXC : warning X4717: Effects deprecated for D3DCompiler_47
  
  compilation object save succeeded; see D:\GitProject\Dx11_LiesOfP\Framework_DX11\x64\Release\Shader_ParticleCompute.cso
FXC : warning X4717: Effects deprecated for D3DCompiler_47
  
  compilation object save succeeded; see D:\GitProject\Dx11_LiesOfP\Framework_DX11\x64\Release\Shader_Effect_Texture.cso
FXC : warning X4717: Effects deprecated for D3DCompiler_47
D:\GitProject\Dx11_LiesOfP\Framework_DX11\Tools\Bin\ShaderFiles\Shader_SSD.hlsl(105,12-76): warning X3206: implicit truncation of vector type
  
  compilation object save succeeded; see D:\GitProject\Dx11_LiesOfP\Framework_DX11\x64\Release\Shader_SSD.cso
FXC : warning X4717: Effects deprecated for D3DCompiler_47
  
  compilation object save succeeded; see D:\GitProject\Dx11_LiesOfP\Framework_DX11\x64\Release\Shader_VtxAnimModel.cso
FXC : warning X4717: Effects deprecated for D3DCompiler_47
  
  compilation object save succeeded; see D:\GitProject\Dx11_LiesOfP\Framework_DX11\x64\Release\Shader_VtxCubeTex.cso
FXC : warning X4717: Effects deprecated for D3DCompiler_47
D:\GitProject\Dx11_LiesOfP\Framework_DX11\Tools\Bin\ShaderFiles\Shader_VtxModel.hlsl(106,21-30): warning X3081: comma expression used where a vector constructor may have been intended
D:\GitProject\Dx11_LiesOfP\Framework_DX11\Tools\Bin\ShaderFiles\Shader_VtxModel.hlsl(106,21-36): warning X3081: comma expression used where a vector constructor may have been intended
D:\GitProject\Dx11_LiesOfP\Framework_DX11\Tools\Bin\ShaderFiles\Shader_VtxModel.hlsl(106,21-41): warning X3081: comma expression used where a vector constructor may have been intended
  
  compilation object save succeeded; see D:\GitProject\Dx11_LiesOfP\Framework_DX11\x64\Release\Shader_VtxModel.cso
FXC : warning X4717: Effects deprecated for D3DCompiler_47
  
  compilation object save succeeded; see D:\GitProject\Dx11_LiesOfP\Framework_DX11\x64\Release\Shader_VtxNorTex.cso
D:\GitProject\Dx11_LiesOfP\Framework_DX11\Tools\Bin\ShaderFiles\Shader_VtxPointInstance.hlsl(69,5-66): warning X3206: implicit truncation of vector type
FXC : error X3501: 'main': entrypoint not found
  
  compilation failed; no code produced
