c:\users\administrator\documents\github\dx11_liesofp\framework_dx11\client\default\x64\debug\client.pch
c:\users\administrator\documents\github\dx11_liesofp\framework_dx11\client\default\x64\debug\vc143.pdb
c:\users\administrator\documents\github\dx11_liesofp\framework_dx11\client\default\x64\debug\vc143.idb
c:\users\administrator\documents\github\dx11_liesofp\framework_dx11\client\default\x64\debug\stdafx.obj
c:\users\administrator\documents\github\dx11_liesofp\framework_dx11\client\default\x64\debug\unity_vk5oadg948cxsqqn.obj
c:\users\administrator\documents\github\dx11_liesofp\framework_dx11\client\bin\client.exe
c:\users\administrator\documents\github\dx11_liesofp\framework_dx11\client\bin\client.pdb
c:\users\administrator\documents\github\dx11_liesofp\framework_dx11\client\default\x64\debug\client.res
c:\users\administrator\documents\github\dx11_liesofp\framework_dx11\client\default\x64\debug\client.ilk
c:\users\administrator\documents\github\dx11_liesofp\framework_dx11\client\default\x64\debug\unity_pormx046nb0hdxio.obj.enc
c:\users\administrator\documents\github\dx11_liesofp\framework_dx11\client\default\x64\debug\unity_q9w4q21k71uxvzin.obj.enc
c:\users\administrator\documents\github\dx11_liesofp\framework_dx11\client\default\x64\debug\unity_t497nww0w3dl2wlz.obj.enc
c:\users\administrator\documents\github\dx11_liesofp\framework_dx11\client\default\x64\debug\client.tlog\cl.command.1.tlog
c:\users\administrator\documents\github\dx11_liesofp\framework_dx11\client\default\x64\debug\client.tlog\cl.items.tlog
c:\users\administrator\documents\github\dx11_liesofp\framework_dx11\client\default\x64\debug\client.tlog\cl.read.1.tlog
c:\users\administrator\documents\github\dx11_liesofp\framework_dx11\client\default\x64\debug\client.tlog\cl.write.1.tlog
c:\users\administrator\documents\github\dx11_liesofp\framework_dx11\client\default\x64\debug\client.tlog\fxc.command.1.tlog
c:\users\administrator\documents\github\dx11_liesofp\framework_dx11\client\default\x64\debug\client.tlog\fxc.read.1.tlog
c:\users\administrator\documents\github\dx11_liesofp\framework_dx11\client\default\x64\debug\client.tlog\link.command.1.tlog
c:\users\administrator\documents\github\dx11_liesofp\framework_dx11\client\default\x64\debug\client.tlog\link.read.1.tlog
c:\users\administrator\documents\github\dx11_liesofp\framework_dx11\client\default\x64\debug\client.tlog\link.secondary.1.tlog
c:\users\administrator\documents\github\dx11_liesofp\framework_dx11\client\default\x64\debug\client.tlog\link.write.1.tlog
c:\users\administrator\documents\github\dx11_liesofp\framework_dx11\client\default\x64\debug\client.tlog\rc.command.1.tlog
c:\users\administrator\documents\github\dx11_liesofp\framework_dx11\client\default\x64\debug\client.tlog\rc.read.1.tlog
c:\users\administrator\documents\github\dx11_liesofp\framework_dx11\client\default\x64\debug\client.tlog\rc.write.1.tlog
